<?xml version="1.0" encoding="utf-8"?><testsuites name="pytest tests"><testsuite name="pytest" errors="0" failures="0" skipped="0" tests="23" time="6.484" timestamp="2026-02-14T18:07:38.119325+00:00" hostname="agent-env-79f2e143-449b-433d-84a9-58f0dda23e94"><testcase classname="backend.tests.test_contracts_v2.TestContractListAndFormat" name="test_list_contracts_returns_data" time="0.409" /><testcase classname="backend.tests.test_contracts_v2.TestContractListAndFormat" name="test_contracts_have_dac_format_serial" time="0.115" /><testcase classname="backend.tests.test_contracts_v2.TestContractListAndFormat" name="test_contracts_serial_increment" time="0.153" /><testcase classname="backend.tests.test_contracts_v2.TestContractListAndFormat" name="test_contracts_have_required_fields" time="0.118" /><testcase classname="backend.tests.test_contracts_v2.TestContractSearch" name="test_search_by_serial" time="0.172" /><testcase classname="backend.tests.test_contracts_v2.TestContractSearch" name="test_search_by_employee_name" time="0.168" /><testcase classname="backend.tests.test_contracts_v2.TestContractSearch" name="test_filter_by_status" time="0.118" /><testcase classname="backend.tests.test_contracts_v2.TestContractCreate" name="test_create_contract_as_stas" time="0.259" /><testcase classname="backend.tests.test_contracts_v2.TestContractCreate" name="test_create_contract_as_sultan" time="0.325" /><testcase classname="backend.tests.test_contracts_v2.TestContractCreate" name="test_create_contract_as_naif" time="0.303" /><testcase classname="backend.tests.test_contracts_v2.TestContractCreate" name="test_employee_cannot_create_contract" time="0.306" /><testcase classname="backend.tests.test_contracts_v2.TestContractSubmitToSTAS" name="test_submit_draft_to_stas" time="0.223" /><testcase classname="backend.tests.test_contracts_v2.TestContractSubmitToSTAS" name="test_cannot_submit_non_draft" time="0.368" /><testcase classname="backend.tests.test_contracts_v2.TestContractExecute" name="test_stas_can_execute_pending_contract" time="0.376" /><testcase classname="backend.tests.test_contracts_v2.TestContractExecute" name="test_sultan_cannot_execute" time="0.381" /><testcase classname="backend.tests.test_contracts_v2.TestContractTerminate" name="test_stas_can_terminate_active" time="0.339" /><testcase classname="backend.tests.test_contracts_v2.TestContractTerminate" name="test_naif_cannot_terminate" time="0.260" /><testcase classname="backend.tests.test_contracts_v2.TestContractDelete" name="test_can_delete_draft_contract" time="0.341" /><testcase classname="backend.tests.test_contracts_v2.TestContractDelete" name="test_cannot_delete_active_contract" time="0.261" /><testcase classname="backend.tests.test_contracts_v2.TestContractPDF" name="test_pdf_generation" time="0.284" /><testcase classname="backend.tests.test_contracts_v2.TestContractStats" name="test_stats_endpoint" time="0.135" /><testcase classname="backend.tests.test_contracts_v2.TestDateFormat" name="test_contract_dates_are_present" time="0.128" /><testcase classname="backend.tests.test_contracts_v2.TestCleanup" name="test_cleanup_test_contracts" time="0.799" /></testsuite></testsuites>