<?xml version="1.0" encoding="utf-8"?><testsuites name="pytest tests"><testsuite name="pytest" errors="0" failures="0" skipped="0" tests="21" time="9.718" timestamp="2026-02-13T23:45:59.688700+00:00" hostname="agent-env-44c1e2b2-c749-406b-b219-e5110f09c2cf"><testcase classname="backend.tests.test_financial_custody_v2.TestFinancialCustodyCreation" name="test_sultan_can_create_custody" time="0.514" /><testcase classname="backend.tests.test_financial_custody_v2.TestFinancialCustodyCreation" name="test_naif_can_create_custody" time="0.615" /><testcase classname="backend.tests.test_financial_custody_v2.TestFinancialCustodyCreation" name="test_mohammed_can_create_custody" time="0.256" /><testcase classname="backend.tests.test_financial_custody_v2.TestFinancialCustodyCreation" name="test_salah_cannot_create_custody" time="0.302" /><testcase classname="backend.tests.test_financial_custody_v2.TestFinancialCustodyCreation" name="test_employee_cannot_create_custody" time="0.475" /><testcase classname="backend.tests.test_financial_custody_v2.TestFinancialCustodyReceive" name="test_receive_sets_status_to_active" time="0.432" /><testcase classname="backend.tests.test_financial_custody_v2.TestFinancialCustodyExpenses" name="test_sultan_can_add_expense_and_remaining_decreases" time="0.616" /><testcase classname="backend.tests.test_financial_custody_v2.TestFinancialCustodyExpenses" name="test_salah_cannot_add_expense" time="0.382" /><testcase classname="backend.tests.test_financial_custody_v2.TestFinancialCustodyAuditWorkflow" name="test_submit_for_audit_and_approval_flow" time="0.653" /><testcase classname="backend.tests.test_financial_custody_v2.TestFinancialCustodyAuditWorkflow" name="test_cannot_submit_empty_custody" time="0.427" /><testcase classname="backend.tests.test_financial_custody_v2.TestFinancialCustodyAuditWorkflow" name="test_salah_can_reject_audit" time="0.923" /><testcase classname="backend.tests.test_financial_custody_v2.TestFinancialCustodyApprovalAndExecution" name="test_full_workflow_to_execution" time="1.154" /><testcase classname="backend.tests.test_financial_custody_v2.TestFinancialCustodyApprovalAndExecution" name="test_sultan_cannot_approve_or_execute" time="1.127" /><testcase classname="backend.tests.test_financial_custody_v2.TestFinanceCodeManagement" name="test_add_new_code_authorized_roles" time="0.658" /><testcase classname="backend.tests.test_financial_custody_v2.TestFinanceCodeManagement" name="test_employee_cannot_add_code" time="0.112" /><testcase classname="backend.tests.test_financial_custody_v2.TestFinanceCodeManagement" name="test_edit_code_authorized_roles" time="0.261" /><testcase classname="backend.tests.test_financial_custody_v2.TestFinanceCodeManagement" name="test_duplicate_code_rejected" time="0.251" /><testcase classname="backend.tests.test_financial_custody_v2.TestDashboardAndListEndpoints" name="test_get_next_holiday" time="0.115" /><testcase classname="backend.tests.test_financial_custody_v2.TestDashboardAndListEndpoints" name="test_list_custodies" time="0.118" /><testcase classname="backend.tests.test_financial_custody_v2.TestDashboardAndListEndpoints" name="test_list_finance_codes" time="0.117" /><testcase classname="backend.tests.test_financial_custody_v2.TestDashboardAndListEndpoints" name="test_employee_cannot_list_custodies" time="0.130" /></testsuite></testsuites>