<?xml version="1.0" encoding="utf-8"?><testsuites name="pytest tests"><testsuite name="pytest" errors="0" failures="0" skipped="0" tests="8" time="1.814" timestamp="2026-02-16T20:36:31.543142+00:00" hostname="agent-env-70f72895-76f3-4564-9d9c-08ce497c1fab"><testcase classname="tests.test_iteration20_features.TestPDFFeatures" name="test_pdf_generation_endpoint" time="0.788" /><testcase classname="tests.test_iteration20_features.TestPDFFeatures" name="test_pdf_contains_images" time="0.309" /><testcase classname="tests.test_iteration20_features.TestApproverNameInArabic" name="test_approval_chain_structure" time="0.116" /><testcase classname="tests.test_iteration20_features.TestApproverNameInArabic" name="test_users_have_arabic_names" time="0.161" /><testcase classname="tests.test_iteration20_features.TestStatusAndStageLabels" name="test_status_config_labels" time="0.208" /><testcase classname="tests.test_iteration20_features.TestStatusAndStageLabels" name="test_stage_config_values" time="0.163" /><testcase classname="tests.test_iteration20_features.TestStatusColors" name="test_status_color_mapping_conceptual" time="0.000" /><testcase classname="tests.test_iteration20_features.TestTranslationsIntegration" name="test_stas_status_translation" time="0.000" /></testsuite></testsuites>