<?xml version="1.0" encoding="utf-8"?><testsuites name="pytest tests"><testsuite name="pytest" errors="0" failures="0" skipped="0" tests="12" time="2.221" timestamp="2026-02-20T08:12:39.565801+00:00" hostname="agent-env-423e5c25-35d3-4ed5-9c3d-24736f5b34f0"><testcase classname="backend.tests.test_iteration37_summary_features.TestEmployeeSummaryDynamicHours" name="test_summary_returns_required_monthly_hours" time="0.507" /><testcase classname="backend.tests.test_iteration37_summary_features.TestEmployeeSummaryDynamicHours" name="test_summary_returns_work_days_in_month" time="0.105" /><testcase classname="backend.tests.test_iteration37_summary_features.TestEmployeeSummaryDynamicHours" name="test_summary_returns_daily_hours" time="0.117" /><testcase classname="backend.tests.test_iteration37_summary_features.TestEmployeeSummaryDynamicHours" name="test_summary_returns_hours_until_deduction" time="0.110" /><testcase classname="backend.tests.test_iteration37_summary_features.TestEmployeeSummaryDynamicHours" name="test_summary_returns_days_to_deduct" time="0.105" /><testcase classname="backend.tests.test_iteration37_summary_features.TestEmployeeSummaryDynamicHours" name="test_dynamic_calculation_varies_by_employee" time="0.221" /><testcase classname="backend.tests.test_iteration37_summary_features.TestEmployeeSummaryDynamicHours" name="test_summary_contains_all_attendance_fields" time="0.118" /><testcase classname="backend.tests.test_iteration37_summary_features.TestEmployeeSummaryAccess" name="test_admin_can_access_any_summary" time="0.111" /><testcase classname="backend.tests.test_iteration37_summary_features.TestEmployeeSummaryAccess" name="test_employee_can_access_own_summary" time="0.430" /><testcase classname="backend.tests.test_iteration37_summary_features.TestEmployeeSummaryAccess" name="test_summary_returns_404_for_nonexistent_employee" time="0.104" /><testcase classname="backend.tests.test_iteration37_summary_features.TestAttendancePageAccess" name="test_attendance_today_endpoint_accessible" time="0.101" /><testcase classname="backend.tests.test_iteration37_summary_features.TestHealthEndpoint" name="test_health_endpoint" time="0.124" /></testsuite></testsuites>