<?xml version="1.0" encoding="utf-8"?><testsuites name="pytest tests"><testsuite name="pytest" errors="0" failures="3" skipped="0" tests="15" time="3.846" timestamp="2026-02-14T11:35:54.603192+00:00" hostname="agent-env-37b2e5ff-3740-4636-b87a-140f1d6b1826"><testcase classname="backend.tests.test_iteration12_features.TestSTASPendingAPI" name="test_stas_pending_endpoint_accessible" time="0.289" /><testcase classname="backend.tests.test_iteration12_features.TestSTASPendingAPI" name="test_stas_pending_returns_correct_statuses" time="0.526" /><testcase classname="backend.tests.test_iteration12_features.TestPDFGenerationWithArabic" name="test_pdf_generation_endpoint" time="0.241"><failure message="assert 520 == 200&#10; +  where 520 = &lt;Response [520]&gt;.status_code">backend/tests/test_iteration12_features.py:106: in test_pdf_generation_endpoint
    assert pdf_resp.status_code == 200
E   assert 520 == 200
E    +  where 520 = &lt;Response [520]&gt;.status_code</failure></testcase><testcase classname="backend.tests.test_iteration12_features.TestPDFGenerationWithArabic" name="test_pdf_arabic_language" time="0.242"><failure message="assert 520 == 200&#10; +  where 520 = &lt;Response [520]&gt;.status_code">backend/tests/test_iteration12_features.py:126: in test_pdf_arabic_language
    assert pdf_resp.status_code == 200
E   assert 520 == 200
E    +  where 520 = &lt;Response [520]&gt;.status_code</failure></testcase><testcase classname="backend.tests.test_iteration12_features.TestPDFGenerationWithArabic" name="test_pdf_english_language" time="0.206"><failure message="assert 520 == 200&#10; +  where 520 = &lt;Response [520]&gt;.status_code">backend/tests/test_iteration12_features.py:144: in test_pdf_english_language
    assert pdf_resp.status_code == 200
E   assert 520 == 200
E    +  where 520 = &lt;Response [520]&gt;.status_code</failure></testcase><testcase classname="backend.tests.test_iteration12_features.TestSTASMirrorPreChecks" name="test_mirror_endpoint_for_transaction" time="0.214" /><testcase classname="backend.tests.test_iteration12_features.TestSTASMirrorPreChecks" name="test_prechecks_include_approval_validation" time="0.210" /><testcase classname="backend.tests.test_iteration12_features.TestSTASMirrorPreChecks" name="test_prechecks_escalations_count_as_approval" time="0.229" /><testcase classname="backend.tests.test_iteration12_features.TestSTASExecutionFlow" name="test_stas_excluded_from_already_acted_check" time="0.211" /><testcase classname="backend.tests.test_iteration12_features.TestSTASExecutionFlow" name="test_stas_can_access_mirror_for_any_transaction" time="0.410" /><testcase classname="backend.tests.test_iteration12_features.TestSTASActionPermissions" name="test_stas_can_take_multiple_actions" time="0.200" /><testcase classname="backend.tests.test_iteration12_features.TestTransactionWorkflow" name="test_transaction_list" time="0.239" /><testcase classname="backend.tests.test_iteration12_features.TestTransactionWorkflow" name="test_transaction_detail" time="0.211" /><testcase classname="backend.tests.test_iteration12_features.TestCompanySettingsForSTAS" name="test_stas_can_access_branding" time="0.142" /><testcase classname="backend.tests.test_iteration12_features.TestCompanySettingsForSTAS" name="test_stas_can_update_branding" time="0.125" /></testsuite></testsuites>