<?xml version="1.0" encoding="utf-8"?><testsuites name="pytest tests"><testsuite name="pytest" errors="0" failures="0" skipped="0" tests="7" time="1.045" timestamp="2026-02-22T11:01:08.444763+00:00" hostname="agent-env-6b74ac5b-559e-4dfa-947a-5e9275c0dc22"><testcase classname="tests.test_pwa_icon.TestPwaIconEndpoints" name="test_manifest_json_returns_valid_json" time="0.170" /><testcase classname="tests.test_pwa_icon.TestPwaIconEndpoints" name="test_manifest_json_has_dynamic_icons" time="0.106" /><testcase classname="tests.test_pwa_icon.TestPwaIconEndpoints" name="test_pwa_icon_192_returns_image" time="0.127" /><testcase classname="tests.test_pwa_icon.TestPwaIconEndpoints" name="test_pwa_icon_512_returns_image" time="0.156" /><testcase classname="tests.test_pwa_icon.TestPwaIconEndpoints" name="test_pwa_icon_180_returns_image" time="0.113" /><testcase classname="tests.test_pwa_icon.TestPwaIconEndpoints" name="test_pwa_icon_invalid_size_defaults_to_512" time="0.151" /><testcase classname="tests.test_pwa_icon.TestPwaIconEndpoints" name="test_manifest_has_rtl_support" time="0.101" /></testsuite></testsuites>