<?xml version="1.0" encoding="utf-8"?><testsuites name="pytest tests"><testsuite name="pytest" errors="0" failures="0" skipped="0" tests="14" time="4.607" timestamp="2026-02-14T12:11:11.589085+00:00" hostname="agent-env-4bfe2a33-8def-4d24-9993-0612057b6fa1"><testcase classname="backend.tests.test_iteration13_features.TestPDFGeneration" name="test_arabic_pdf_not_blank" time="1.029" /><testcase classname="backend.tests.test_iteration13_features.TestPDFGeneration" name="test_english_pdf_not_blank" time="0.400" /><testcase classname="backend.tests.test_iteration13_features.TestPDFGeneration" name="test_pdf_includes_company_branding" time="0.287" /><testcase classname="backend.tests.test_iteration13_features.TestSTASWorkflow" name="test_stas_can_view_transactions" time="0.219" /><testcase classname="backend.tests.test_iteration13_features.TestSTASWorkflow" name="test_stas_pending_endpoint" time="0.225" /><testcase classname="backend.tests.test_iteration13_features.TestSTASWorkflow" name="test_stas_mirror_endpoint" time="0.307" /><testcase classname="backend.tests.test_iteration13_features.TestSTASWorkflow" name="test_stas_return_actions_exist" time="0.226" /><testcase classname="backend.tests.test_iteration13_features.TestApprovalChain" name="test_approval_chain_has_approver_names" time="0.234" /><testcase classname="backend.tests.test_iteration13_features.TestApprovalChain" name="test_transaction_detail_has_approval_chain" time="0.409" /><testcase classname="backend.tests.test_iteration13_features.TestCancelledTransaction" name="test_cancelled_transaction_exists" time="0.232" /><testcase classname="backend.tests.test_iteration13_features.TestCancelledTransaction" name="test_leave_balance_check_endpoint" time="0.207" /><testcase classname="backend.tests.test_iteration13_features.TestTransactionExecuted" name="test_txn_2026_0006_is_executed" time="0.212" /><testcase classname="backend.tests.test_iteration13_features.TestTransactionExecuted" name="test_txn_2026_0007_is_executed" time="0.202" /><testcase classname="backend.tests.test_iteration13_features.TestWorkflowValidation" name="test_validate_stage_actor_allows_stas" time="0.250" /></testsuite></testsuites>