<?xml version="1.0" encoding="utf-8"?><testsuites name="pytest tests"><testsuite name="pytest" errors="0" failures="0" skipped="0" tests="13" time="5.917" timestamp="2026-02-20T12:52:26.823714+00:00" hostname="agent-env-1f9c7ad5-097e-4a8a-ac60-8f38b2a19cf1"><testcase classname="tests.test_iteration38_supervisor_features.TestAuth" name="test_login_supervisor" time="0.447" /><testcase classname="tests.test_iteration38_supervisor_features.TestAuth" name="test_login_sultan" time="0.343" /><testcase classname="tests.test_iteration38_supervisor_features.TestManualAttendanceAPI" name="test_manual_attendance_endpoint_exists" time="0.476" /><testcase classname="tests.test_iteration38_supervisor_features.TestManualAttendanceAPI" name="test_manual_attendance_requires_acknowledgment" time="0.451" /><testcase classname="tests.test_iteration38_supervisor_features.TestManualAttendanceAPI" name="test_manual_attendance_not_your_employee" time="0.477" /><testcase classname="tests.test_iteration38_supervisor_features.TestManualAttendanceAPI" name="test_my_team_attendance_endpoint" time="0.476" /><testcase classname="tests.test_iteration38_supervisor_features.TestSupervisorAccessRestrictions" name="test_supervisor_can_access_team_summary" time="0.485" /><testcase classname="tests.test_iteration38_supervisor_features.TestSupervisorAccessRestrictions" name="test_supervisor_can_access_daily_attendance" time="0.439" /><testcase classname="tests.test_iteration38_supervisor_features.TestSultanManagementAccess" name="test_sultan_can_access_penalties_report" time="0.435" /><testcase classname="tests.test_iteration38_supervisor_features.TestSultanManagementAccess" name="test_sultan_can_access_pending_corrections" time="0.457" /><testcase classname="tests.test_iteration38_supervisor_features.TestSultanManagementAccess" name="test_sultan_can_access_pending_deductions" time="0.447" /><testcase classname="tests.test_iteration38_supervisor_features.TestSupervisorCantAccessPenalties" name="test_supervisor_cannot_update_status_directly" time="0.446" /><testcase classname="tests.test_iteration38_supervisor_features.TestSupervisorCantAccessPenalties" name="test_supervisor_cannot_access_pending_corrections" time="0.467" /></testsuite></testsuites>