<?xml version="1.0" encoding="utf-8"?><testsuites name="pytest tests"><testsuite name="pytest" errors="0" failures="0" skipped="0" tests="13" time="5.140" timestamp="2026-02-22T14:20:03.088265+00:00" hostname="agent-env-9f2dc073-a1f8-4529-8fc0-47cdb53730c0"><testcase classname="backend.tests.test_iteration42_nuclear_delete.TestNuclearDeletePermissions" name="test_login_stas_success" time="0.429" /><testcase classname="backend.tests.test_iteration42_nuclear_delete.TestNuclearDeletePermissions" name="test_login_sultan_success" time="0.348" /><testcase classname="backend.tests.test_iteration42_nuclear_delete.TestNuclearDeletePermissions" name="test_login_naif_success" time="0.346" /><testcase classname="backend.tests.test_iteration42_nuclear_delete.TestNuclearDeletePermissions" name="test_nuclear_delete_denied_for_naif" time="0.448" /><testcase classname="backend.tests.test_iteration42_nuclear_delete.TestNuclearDeletePermissions" name="test_nuclear_delete_denied_for_mohammed" time="0.466" /><testcase classname="backend.tests.test_iteration42_nuclear_delete.TestNuclearDeletePermissions" name="test_nuclear_delete_allowed_for_stas" time="0.455" /><testcase classname="backend.tests.test_iteration42_nuclear_delete.TestNuclearDeletePermissions" name="test_nuclear_delete_allowed_for_sultan" time="0.498" /><testcase classname="backend.tests.test_iteration42_nuclear_delete.TestNuclearDeletePermissions" name="test_nuclear_delete_without_auth" time="0.103" /><testcase classname="backend.tests.test_iteration42_nuclear_delete.TestNuclearDeleteFunctionality" name="test_ats_stats_endpoint" time="0.427" /><testcase classname="backend.tests.test_iteration42_nuclear_delete.TestNuclearDeleteFunctionality" name="test_nuclear_delete_response_structure" time="0.109" /><testcase classname="backend.tests.test_iteration42_nuclear_delete.TestATSEndpointsAccess" name="test_stas_can_access_ats_jobs" time="0.456" /><testcase classname="backend.tests.test_iteration42_nuclear_delete.TestATSEndpointsAccess" name="test_sultan_can_access_ats_jobs" time="0.456" /><testcase classname="backend.tests.test_iteration42_nuclear_delete.TestATSEndpointsAccess" name="test_naif_can_access_ats_jobs" time="0.439" /></testsuite></testsuites>