<?xml version="1.0" encoding="utf-8"?><testsuites name="pytest tests"><testsuite name="pytest" errors="0" failures="2" skipped="4" tests="19" time="5.237" timestamp="2026-02-15T17:33:22.052513+00:00" hostname="agent-env-1ade6c12-1a99-4463-9325-ee32595af333"><testcase classname="tests.test_iteration16_services.TestServiceCalculator" name="test_employee_summary_returns_service_info" time="0.414" /><testcase classname="tests.test_iteration16_services.TestServiceCalculator" name="test_service_calculation_format" time="0.296" /><testcase classname="tests.test_iteration16_services.TestLeaveService" name="test_leave_balance_endpoint_exists" time="0.314" /><testcase classname="tests.test_iteration16_services.TestLeaveService" name="test_employee_summary_contains_leave" time="0.305" /><testcase classname="tests.test_iteration16_services.TestAttendanceService" name="test_ramadan_settings_endpoint" time="0.206" /><testcase classname="tests.test_iteration16_services.TestAttendanceService" name="test_ramadan_activate_endpoint_stas_only" time="0.323"><failure message="assert 403 == 200&#10; +  where 403 = &lt;Response [403]&gt;.status_code">tests/test_iteration16_services.py:205: in test_ramadan_activate_endpoint_stas_only
    assert response.status_code == 200
E   assert 403 == 200
E    +  where 403 = &lt;Response [403]&gt;.status_code</failure></testcase><testcase classname="tests.test_iteration16_services.TestAttendanceService" name="test_ramadan_deactivate_endpoint" time="0.306"><failure message="AttributeError: 'NoneType' object has no attribute 'get'">tests/test_iteration16_services.py:234: in test_ramadan_deactivate_endpoint
    assert settings.get('is_active') == False or 'deactivated' in str(data)
           ^^^^^^^^^^^^
E   AttributeError: 'NoneType' object has no attribute 'get'</failure></testcase><testcase classname="tests.test_iteration16_services.TestAttendanceService" name="test_calculate_daily_attendance_endpoint" time="0.421" /><testcase classname="tests.test_iteration16_services.TestAttendanceService" name="test_calculate_for_specific_date" time="0.199" /><testcase classname="tests.test_iteration16_services.TestSTASMirrorService" name="test_mirror_endpoint_exists" time="0.171"><skipped type="pytest.skip" message="No pending transactions">/app/backend/tests/test_iteration16_services.py:272: No pending transactions</skipped></testcase><testcase classname="tests.test_iteration16_services.TestSTASMirrorService" name="test_mirror_pre_checks_have_status" time="0.180"><skipped type="pytest.skip" message="No pending transactions">/app/backend/tests/test_iteration16_services.py:291: No pending transactions</skipped></testcase><testcase classname="tests.test_iteration16_services.TestTransactionReturn" name="test_return_transaction_once_only" time="0.234"><skipped type="pytest.skip" message="No pending transactions">/app/backend/tests/test_iteration16_services.py:315: No pending transactions</skipped></testcase><testcase classname="tests.test_iteration16_services.TestSupervisorAssignment" name="test_assign_supervisor_endpoint" time="0.224" /><testcase classname="tests.test_iteration16_services.TestSupervisorAssignment" name="test_cannot_assign_self_as_supervisor" time="0.444" /><testcase classname="tests.test_iteration16_services.TestSupervisorAssignment" name="test_remove_supervisor" time="0.244" /><testcase classname="tests.test_iteration16_services.TestSettlementService" name="test_settlement_mirror_data_for_terminated_contract" time="0.227"><skipped type="pytest.skip" message="No settlement transactions pending">/app/backend/tests/test_iteration16_services.py:430: No settlement transactions pending</skipped></testcase><testcase classname="tests.test_iteration16_services.TestEmployeeSummaryEndpoint" name="test_summary_contains_all_sections" time="0.236" /><testcase classname="tests.test_iteration16_services.TestHealthAndBasicAPIs" name="test_health_endpoint" time="0.116" /><testcase classname="tests.test_iteration16_services.TestHealthAndBasicAPIs" name="test_auth_switch_works" time="0.135" /></testsuite></testsuites>