<?xml version="1.0" encoding="utf-8"?><testsuites name="pytest tests"><testsuite name="pytest" errors="0" failures="0" skipped="1" tests="13" time="5.892" timestamp="2026-02-15T19:11:18.397894+00:00" hostname="agent-env-29a44cf9-9449-4aeb-a054-8ab7d8bf84b7"><testcase classname="backend.tests.test_iteration17_bugs.TestRamadanMode" name="test_activate_ramadan_with_custom_times" time="0.319" /><testcase classname="backend.tests.test_iteration17_bugs.TestRamadanMode" name="test_get_ramadan_settings_shows_custom_times" time="0.236" /><testcase classname="backend.tests.test_iteration17_bugs.TestRamadanMode" name="test_deactivate_ramadan" time="0.271" /><testcase classname="backend.tests.test_iteration17_bugs.TestMapVisibilityPublic" name="test_map_visibility_public_endpoint_for_regular_user" time="0.386" /><testcase classname="backend.tests.test_iteration17_bugs.TestMapVisibilityPublic" name="test_set_and_verify_map_visibility" time="0.585" /><testcase classname="backend.tests.test_iteration17_bugs.TestSultanSelfRequestToCEO" name="test_sultan_leave_request_goes_to_ceo" time="0.418"><skipped type="pytest.skip" message="Business rule prevented test: {'detail': 'Leave dates overlap with existing request TXN-2026-0005'}">/app/backend/tests/test_iteration17_bugs.py:218: Business rule prevented test: {'detail': 'Leave dates overlap with existing request TXN-2026-0005'}</skipped></testcase><testcase classname="backend.tests.test_iteration17_bugs.TestSupervisorAssignment" name="test_supervisor_assignment_endpoint_exists" time="0.397" /><testcase classname="backend.tests.test_iteration17_bugs.TestSupervisorAssignment" name="test_self_supervisor_assignment_blocked" time="0.358" /><testcase classname="backend.tests.test_iteration17_bugs.TestSTASMirrorContractCheck" name="test_get_pending_transactions" time="0.645" /><testcase classname="backend.tests.test_iteration17_bugs.TestSTASMirrorContractCheck" name="test_mirror_shows_contract_check" time="0.860" /><testcase classname="backend.tests.test_iteration17_bugs.TestSTASMirrorContractCheck" name="test_mirror_for_leave_request_shows_active_contract_pass" time="0.388" /><testcase classname="backend.tests.test_iteration17_bugs.TestContractsV2ForTerminated" name="test_get_contracts_v2" time="0.275" /><testcase classname="backend.tests.test_iteration17_bugs.TestContractsV2ForTerminated" name="test_mirror_for_terminated_employee_shows_contract_fail" time="0.686" /></testsuite></testsuites>