<?xml version="1.0" encoding="utf-8"?><testsuites name="pytest tests"><testsuite name="pytest" errors="0" failures="13" skipped="8" tests="21" time="3.338" timestamp="2026-02-18T22:22:39.896455+00:00" hostname="agent-env-32812e92-2a49-46f3-ad94-88a9196961e1"><testcase classname="tests.test_iteration28_integration.TestAuthSetup" name="test_01_switch_to_sultan" time="0.465"><failure message="assert 403 == 200&#10; +  where 403 = &lt;Response [403]&gt;.status_code">tests/test_iteration28_integration.py:48: in test_01_switch_to_sultan
    assert me_response.status_code == 200
E   assert 403 == 200
E    +  where 403 = &lt;Response [403]&gt;.status_code</failure></testcase><testcase classname="tests.test_iteration28_integration.TestTeamAttendance" name="test_01_team_attendance_daily" time="0.263"><failure message="AssertionError: Expected 200, got 403: {&quot;detail&quot;:&quot;Not authenticated&quot;}&#10;assert 403 == 200&#10; +  where 403 = &lt;Response [403]&gt;.status_code">tests/test_iteration28_integration.py:76: in test_01_team_attendance_daily
    assert response.status_code == 200, f"Expected 200, got {response.status_code}: {response.text}"
E   AssertionError: Expected 200, got 403: {"detail":"Not authenticated"}
E   assert 403 == 200
E    +  where 403 = &lt;Response [403]&gt;.status_code</failure></testcase><testcase classname="tests.test_iteration28_integration.TestTeamAttendance" name="test_02_team_attendance_summary" time="0.117"><failure message="assert 403 == 200&#10; +  where 403 = &lt;Response [403]&gt;.status_code">tests/test_iteration28_integration.py:95: in test_02_team_attendance_summary
    assert response.status_code == 200
E   assert 403 == 200
E    +  where 403 = &lt;Response [403]&gt;.status_code</failure></testcase><testcase classname="tests.test_iteration28_integration.TestTeamAttendance" name="test_03_team_attendance_weekly" time="0.070"><failure message="assert 403 == 200&#10; +  where 403 = &lt;Response [403]&gt;.status_code">tests/test_iteration28_integration.py:111: in test_03_team_attendance_weekly
    assert response.status_code == 200
E   assert 403 == 200
E    +  where 403 = &lt;Response [403]&gt;.status_code</failure></testcase><testcase classname="tests.test_iteration28_integration.TestTeamAttendance" name="test_04_team_attendance_monthly" time="0.068"><failure message="assert 403 == 200&#10; +  where 403 = &lt;Response [403]&gt;.status_code">tests/test_iteration28_integration.py:121: in test_04_team_attendance_monthly
    assert response.status_code == 200
E   assert 403 == 200
E    +  where 403 = &lt;Response [403]&gt;.status_code</failure></testcase><testcase classname="tests.test_iteration28_integration.TestTeamAttendance" name="test_05_employee_attendance_detail" time="0.062"><skipped type="pytest.skip" message="Could not get employee list">/app/backend/tests/test_iteration28_integration.py:138: Could not get employee list</skipped></testcase><testcase classname="tests.test_iteration28_integration.TestPenalties" name="test_01_monthly_report" time="0.233"><failure message="AssertionError: Expected 200, got 403: {&quot;detail&quot;:&quot;Not authenticated&quot;}&#10;assert 403 == 200&#10; +  where 403 = &lt;Response [403]&gt;.status_code">tests/test_iteration28_integration.py:186: in test_01_monthly_report
    assert response.status_code == 200, f"Expected 200, got {response.status_code}: {response.text}"
E   AssertionError: Expected 200, got 403: {"detail":"Not authenticated"}
E   assert 403 == 200
E    +  where 403 = &lt;Response [403]&gt;.status_code</failure></testcase><testcase classname="tests.test_iteration28_integration.TestPenalties" name="test_02_employee_monthly_penalties" time="0.070"><skipped type="pytest.skip" message="Could not get monthly report">/app/backend/tests/test_iteration28_integration.py:215: Could not get monthly report</skipped></testcase><testcase classname="tests.test_iteration28_integration.TestPenalties" name="test_03_yearly_absence" time="0.074"><skipped type="pytest.skip" message="Could not get employees">/app/backend/tests/test_iteration28_integration.py:247: Could not get employees</skipped></testcase><testcase classname="tests.test_iteration28_integration.TestContracts" name="test_01_list_contracts" time="0.222"><failure message="assert 403 == 200&#10; +  where 403 = &lt;Response [403]&gt;.status_code">tests/test_iteration28_integration.py:292: in test_01_list_contracts
    assert response.status_code == 200
E   assert 403 == 200
E    +  where 403 = &lt;Response [403]&gt;.status_code</failure></testcase><testcase classname="tests.test_iteration28_integration.TestContracts" name="test_02_active_contracts" time="0.075"><failure message="assert 403 == 200&#10; +  where 403 = &lt;Response [403]&gt;.status_code">tests/test_iteration28_integration.py:308: in test_02_active_contracts
    assert response.status_code == 200
E   assert 403 == 200
E    +  where 403 = &lt;Response [403]&gt;.status_code</failure></testcase><testcase classname="tests.test_iteration28_integration.TestContracts" name="test_03_contract_stats" time="0.074"><failure message="assert 403 == 200&#10; +  where 403 = &lt;Response [403]&gt;.status_code">tests/test_iteration28_integration.py:319: in test_03_contract_stats
    assert response.status_code == 200
E   assert 403 == 200
E    +  where 403 = &lt;Response [403]&gt;.status_code</failure></testcase><testcase classname="tests.test_iteration28_integration.TestContracts" name="test_04_employee_contracts" time="0.069"><skipped type="pytest.skip" message="Could not get employees">/app/backend/tests/test_iteration28_integration.py:332: Could not get employees</skipped></testcase><testcase classname="tests.test_iteration28_integration.TestEmployees" name="test_01_list_employees" time="0.239"><failure message="assert 403 == 200&#10; +  where 403 = &lt;Response [403]&gt;.status_code">tests/test_iteration28_integration.py:369: in test_01_list_employees
    assert response.status_code == 200
E   assert 403 == 200
E    +  where 403 = &lt;Response [403]&gt;.status_code</failure></testcase><testcase classname="tests.test_iteration28_integration.TestEmployees" name="test_02_employee_detail" time="0.064"><skipped type="pytest.skip" message="Could not get employees">/app/backend/tests/test_iteration28_integration.py:384: Could not get employees</skipped></testcase><testcase classname="tests.test_iteration28_integration.TestSettlement" name="test_01_list_settlements" time="0.316"><failure message="assert 403 == 200&#10; +  where 403 = &lt;Response [403]&gt;.status_code">tests/test_iteration28_integration.py:422: in test_01_list_settlements
    assert response.status_code == 200
E   assert 403 == 200
E    +  where 403 = &lt;Response [403]&gt;.status_code</failure></testcase><testcase classname="tests.test_iteration28_integration.TestSettlement" name="test_02_termination_types" time="0.083"><failure message="assert 403 == 200&#10; +  where 403 = &lt;Response [403]&gt;.status_code">tests/test_iteration28_integration.py:437: in test_02_termination_types
    assert response.status_code == 200
E   assert 403 == 200
E    +  where 403 = &lt;Response [403]&gt;.status_code</failure></testcase><testcase classname="tests.test_iteration28_integration.TestSettlement" name="test_03_settlement_preview" time="0.106"><skipped type="pytest.skip" message="Could not get contracts">/app/backend/tests/test_iteration28_integration.py:452: Could not get contracts</skipped></testcase><testcase classname="tests.test_iteration28_integration.TestDataIntegration" name="test_01_contract_to_attendance_link" time="0.176"><skipped type="pytest.skip" message="Could not get contracts">/app/backend/tests/test_iteration28_integration.py:520: Could not get contracts</skipped></testcase><testcase classname="tests.test_iteration28_integration.TestDataIntegration" name="test_02_attendance_to_penalties_link" time="0.076"><failure message="assert 403 == 200&#10; +  where 403 = &lt;Response [403]&gt;.status_code">tests/test_iteration28_integration.py:555: in test_02_attendance_to_penalties_link
    assert penalties_response.status_code == 200
E   assert 403 == 200
E    +  where 403 = &lt;Response [403]&gt;.status_code</failure></testcase><testcase classname="tests.test_iteration28_integration.TestDataIntegration" name="test_03_deductions_reflected_in_settlement" time="0.070"><skipped type="pytest.skip" message="Could not get contracts">/app/backend/tests/test_iteration28_integration.py:586: Could not get contracts</skipped></testcase></testsuite></testsuites>