<?xml version="1.0" encoding="utf-8"?><testsuites name="pytest tests"><testsuite name="pytest" errors="0" failures="0" skipped="0" tests="13" time="9.765" timestamp="2026-02-25T21:19:09.967616+00:00" hostname="agent-env-0fade3ff-0758-4a06-9987-9159d1d65ac0"><testcase classname="backend.tests.test_iteration45_summon_fixes.TestAuthentication" name="test_sultan_login" time="0.383" /><testcase classname="backend.tests.test_iteration45_summon_fixes.TestAuthentication" name="test_stas_login" time="0.368" /><testcase classname="backend.tests.test_iteration45_summon_fixes.TestAuthentication" name="test_naif_login" time="0.478" /><testcase classname="backend.tests.test_iteration45_summon_fixes.TestAuthentication" name="test_salah_login" time="0.384" /><testcase classname="backend.tests.test_iteration45_summon_fixes.TestContractEditVisibility" name="test_get_contracts_list_as_sultan" time="0.673" /><testcase classname="backend.tests.test_iteration45_summon_fixes.TestContractEditVisibility" name="test_get_contracts_list_as_stas" time="0.472" /><testcase classname="backend.tests.test_iteration45_summon_fixes.TestSummonFeature" name="test_get_employees_for_summon" time="0.477" /><testcase classname="backend.tests.test_iteration45_summon_fixes.TestSummonFeature" name="test_send_summon_with_sender_name" time="0.801" /><testcase classname="backend.tests.test_iteration45_summon_fixes.TestSummonFeature" name="test_summon_active_for_list_stas_sees_all" time="1.230" /><testcase classname="backend.tests.test_iteration45_summon_fixes.TestSummonFeature" name="test_summon_active_for_list_sultan_sees_own" time="1.179" /><testcase classname="backend.tests.test_iteration45_summon_fixes.TestSummonFeature" name="test_salah_doesnt_see_sultan_summons" time="1.304" /><testcase classname="backend.tests.test_iteration45_summon_fixes.TestSummonAcknowledge" name="test_acknowledge_endpoint_exists" time="0.525" /><testcase classname="backend.tests.test_iteration45_summon_fixes.TestSummonSenderNameInNotifications" name="test_summon_notification_has_sender_name" time="1.420" /></testsuite></testsuites>