<?xml version="1.0" encoding="utf-8"?><testsuites name="pytest tests"><testsuite name="pytest" errors="0" failures="0" skipped="0" tests="15" time="3.258" timestamp="2026-02-14T11:36:39.480234+00:00" hostname="agent-env-37b2e5ff-3740-4636-b87a-140f1d6b1826"><testcase classname="backend.tests.test_iteration12_features.TestSTASPendingAPI" name="test_stas_pending_endpoint_accessible" time="0.236" /><testcase classname="backend.tests.test_iteration12_features.TestSTASPendingAPI" name="test_stas_pending_returns_correct_statuses" time="0.105" /><testcase classname="backend.tests.test_iteration12_features.TestPDFGenerationWithArabic" name="test_pdf_generation_endpoint" time="0.266" /><testcase classname="backend.tests.test_iteration12_features.TestPDFGenerationWithArabic" name="test_pdf_arabic_language" time="0.271" /><testcase classname="backend.tests.test_iteration12_features.TestPDFGenerationWithArabic" name="test_pdf_english_language" time="0.230" /><testcase classname="backend.tests.test_iteration12_features.TestSTASMirrorPreChecks" name="test_mirror_endpoint_for_transaction" time="0.241" /><testcase classname="backend.tests.test_iteration12_features.TestSTASMirrorPreChecks" name="test_prechecks_include_approval_validation" time="0.233" /><testcase classname="backend.tests.test_iteration12_features.TestSTASMirrorPreChecks" name="test_prechecks_escalations_count_as_approval" time="0.212" /><testcase classname="backend.tests.test_iteration12_features.TestSTASExecutionFlow" name="test_stas_excluded_from_already_acted_check" time="0.209" /><testcase classname="backend.tests.test_iteration12_features.TestSTASExecutionFlow" name="test_stas_can_access_mirror_for_any_transaction" time="0.436" /><testcase classname="backend.tests.test_iteration12_features.TestSTASActionPermissions" name="test_stas_can_take_multiple_actions" time="0.213" /><testcase classname="backend.tests.test_iteration12_features.TestTransactionWorkflow" name="test_transaction_list" time="0.113" /><testcase classname="backend.tests.test_iteration12_features.TestTransactionWorkflow" name="test_transaction_detail" time="0.199" /><testcase classname="backend.tests.test_iteration12_features.TestCompanySettingsForSTAS" name="test_stas_can_access_branding" time="0.115" /><testcase classname="backend.tests.test_iteration12_features.TestCompanySettingsForSTAS" name="test_stas_can_update_branding" time="0.121" /></testsuite></testsuites>