<?xml version="1.0" encoding="utf-8"?><testsuites name="pytest tests"><testsuite name="pytest" errors="0" failures="0" skipped="0" tests="10" time="2.392" timestamp="2026-02-17T21:01:26.969081+00:00" hostname="agent-env-d96c69f5-e2dc-4ce1-a626-09e3c720e91b"><testcase classname="tests.test_settlement_pdf.TestSettlementPDFEndpoint" name="test_pdf_endpoint_returns_pdf" time="0.918" /><testcase classname="tests.test_settlement_pdf.TestSettlementPDFEndpoint" name="test_pdf_requires_auth" time="0.160" /><testcase classname="tests.test_settlement_pdf.TestSettlementPDFEndpoint" name="test_pdf_not_found_for_invalid_id" time="0.132" /><testcase classname="tests.test_settlement_pdf.TestBrandingSettings" name="test_branding_endpoint_accessible" time="0.159" /><testcase classname="tests.test_settlement_pdf.TestBrandingSettings" name="test_branding_has_logo_data" time="0.174" /><testcase classname="tests.test_settlement_pdf.TestSettlementData" name="test_executed_settlement_exists" time="0.132" /><testcase classname="tests.test_settlement_pdf.TestSettlementData" name="test_settlement_snapshot_has_required_fields" time="0.115" /><testcase classname="tests.test_settlement_pdf.TestSettlementList" name="test_list_settlements" time="0.125" /><testcase classname="tests.test_settlement_pdf.TestSettlementList" name="test_pending_settlements_endpoint" time="0.146" /><testcase classname="tests.test_settlement_pdf.TestTerminationTypes" name="test_get_termination_types" time="0.247" /></testsuite></testsuites>