<?xml version="1.0" encoding="utf-8"?><testsuites name="pytest tests"><testsuite name="pytest" errors="0" failures="0" skipped="0" tests="12" time="8.450" timestamp="2026-02-27T17:31:09.420444+00:00" hostname="agent-env-e83238bd-6149-49ed-925f-5a24507ebb1e"><testcase classname="tests.test_iteration47_security_center.TestSecurityCenterAPIs" name="test_security_stats_api_success" time="0.797" /><testcase classname="tests.test_iteration47_security_center.TestSecurityCenterAPIs" name="test_fraud_alerts_api_success" time="0.705" /><testcase classname="tests.test_iteration47_security_center.TestSecurityCenterAPIs" name="test_all_sessions_api_success" time="0.869" /><testcase classname="tests.test_iteration47_security_center.TestSecurityCenterAPIs" name="test_suspended_accounts_api_success" time="0.745" /><testcase classname="tests.test_iteration47_security_center.TestSecurityCenterAPIs" name="test_security_log_api_success" time="0.682" /><testcase classname="tests.test_iteration47_security_center.TestSecurityCenterAPIs" name="test_security_stats_requires_stas_role" time="0.702" /><testcase classname="tests.test_iteration47_security_center.TestSecurityCenterAPIs" name="test_fraud_alerts_requires_stas_role" time="0.744" /><testcase classname="tests.test_iteration47_security_center.TestSecurityCenterAPIs" name="test_all_sessions_accessible_by_admin" time="0.750" /><testcase classname="tests.test_iteration47_security_center.TestSecurityCenterAPIs" name="test_unauthenticated_access_denied" time="0.983" /><testcase classname="tests.test_iteration47_security_center.TestSecurityActions" name="test_force_logout_endpoint_exists" time="0.564" /><testcase classname="tests.test_iteration47_security_center.TestSecurityActions" name="test_suspend_accounts_endpoint_structure" time="0.410" /><testcase classname="tests.test_iteration47_security_center.TestSecurityActions" name="test_unblock_accounts_endpoint_structure" time="0.439" /></testsuite></testsuites>