<?xml version="1.0" encoding="utf-8"?><testsuites name="pytest tests"><testsuite name="pytest" errors="0" failures="0" skipped="0" tests="16" time="4.840" timestamp="2026-02-19T11:06:32.267083+00:00" hostname="agent-env-172ca7f4-ef0c-444d-bdd7-ad0aacf44a45"><testcase classname="tests.test_iteration33_sultan_permissions.TestSultanAuthentication" name="test_sultan_login_success" time="0.417" /><testcase classname="tests.test_iteration33_sultan_permissions.TestSultanAuthentication" name="test_sultan_me_endpoint" time="0.420" /><testcase classname="tests.test_iteration33_sultan_permissions.TestSultanHolidayPermissions" name="test_sultan_can_list_holidays" time="0.464" /><testcase classname="tests.test_iteration33_sultan_permissions.TestSultanHolidayPermissions" name="test_sultan_can_add_holiday" time="0.104" /><testcase classname="tests.test_iteration33_sultan_permissions.TestSultanHolidayPermissions" name="test_sultan_can_delete_holiday" time="0.225" /><testcase classname="tests.test_iteration33_sultan_permissions.TestSultanContractPermissions" name="test_sultan_can_list_contracts" time="0.467" /><testcase classname="tests.test_iteration33_sultan_permissions.TestSultanContractPermissions" name="test_sultan_can_search_contracts" time="0.102" /><testcase classname="tests.test_iteration33_sultan_permissions.TestSultanContractPermissions" name="test_sultan_can_access_pending_stas" time="0.096" /><testcase classname="tests.test_iteration33_sultan_permissions.TestSultanContractPermissions" name="test_sultan_contract_stats" time="0.093" /><testcase classname="tests.test_iteration33_sultan_permissions.TestSultanEmployeeUpdate" name="test_sultan_can_get_employee_data" time="0.530" /><testcase classname="tests.test_iteration33_sultan_permissions.TestSultanEmployeeUpdate" name="test_sultan_can_update_name" time="0.241" /><testcase classname="tests.test_iteration33_sultan_permissions.TestNotificationBell" name="test_notification_bell_endpoint" time="0.440" /><testcase classname="tests.test_iteration33_sultan_permissions.TestLeaveBalance" name="test_leave_balance_endpoint" time="0.437" /><testcase classname="tests.test_iteration33_sultan_permissions.TestLeaveBalance" name="test_leave_balance_for_migrated_contracts" time="0.106" /><testcase classname="tests.test_iteration33_sultan_permissions.TestAttendanceGPS" name="test_attendance_today_endpoint" time="0.442" /><testcase classname="tests.test_iteration33_sultan_permissions.TestAttendanceGPS" name="test_work_locations_endpoint" time="0.104" /></testsuite></testsuites>