<?xml version="1.0" encoding="utf-8"?><testsuites name="pytest tests"><testsuite name="pytest" errors="0" failures="9" skipped="0" tests="10" time="1.085" timestamp="2026-02-17T10:54:13.666311+00:00" hostname="agent-env-70f72895-76f3-4564-9d9c-08ce497c1fab"><testcase classname="tests.test_iteration22_features.TestHealthEndpoint" name="test_health_returns_version" time="0.250" /><testcase classname="tests.test_iteration22_features.TestAnnouncementsAPI" name="test_get_announcements_structure" time="0.179"><failure message="assert 403 == 200&#10; +  where 403 = &lt;Response [403]&gt;.status_code">tests/test_iteration22_features.py:70: in test_get_announcements_structure
    assert response.status_code == 200
E   assert 403 == 200
E    +  where 403 = &lt;Response [403]&gt;.status_code</failure></testcase><testcase classname="tests.test_iteration22_features.TestAnnouncementsAPI" name="test_create_regular_announcement" time="0.098"><failure message="assert 401 == 200&#10; +  where 401 = &lt;Response [401]&gt;.status_code">tests/test_iteration22_features.py:88: in test_create_regular_announcement
    assert response.status_code == 200
E   assert 401 == 200
E    +  where 401 = &lt;Response [401]&gt;.status_code</failure></testcase><testcase classname="tests.test_iteration22_features.TestAnnouncementsAPI" name="test_create_pinned_announcement" time="0.060"><failure message="assert 401 == 200&#10; +  where 401 = &lt;Response [401]&gt;.status_code">tests/test_iteration22_features.py:112: in test_create_pinned_announcement
    assert response.status_code == 200
E   assert 401 == 200
E    +  where 401 = &lt;Response [401]&gt;.status_code</failure></testcase><testcase classname="tests.test_iteration22_features.TestAnnouncementsAPI" name="test_dismiss_regular_announcement" time="0.055"><failure message="assert 401 == 200&#10; +  where 401 = &lt;Response [401]&gt;.status_code">tests/test_iteration22_features.py:140: in test_dismiss_regular_announcement
    assert create_resp.status_code == 200
E   assert 401 == 200
E    +  where 401 = &lt;Response [401]&gt;.status_code</failure></testcase><testcase classname="tests.test_iteration22_features.TestAnnouncementsAPI" name="test_cannot_dismiss_pinned_announcement" time="0.048"><failure message="assert 401 == 200&#10; +  where 401 = &lt;Response [401]&gt;.status_code">tests/test_iteration22_features.py:166: in test_cannot_dismiss_pinned_announcement
    assert create_resp.status_code == 200
E   assert 401 == 200
E    +  where 401 = &lt;Response [401]&gt;.status_code</failure></testcase><testcase classname="tests.test_iteration22_features.TestAnnouncementsAPI" name="test_get_all_announcements_admin" time="0.049"><failure message="assert 401 == 200&#10; +  where 401 = &lt;Response [401]&gt;.status_code">tests/test_iteration22_features.py:180: in test_get_all_announcements_admin
    assert response.status_code == 200
E   assert 401 == 200
E    +  where 401 = &lt;Response [401]&gt;.status_code</failure></testcase><testcase classname="tests.test_iteration22_features.TestProtectedCollections" name="test_collections_info_has_work_locations_protected" time="0.056"><failure message="assert 401 == 200&#10; +  where 401 = &lt;Response [401]&gt;.status_code">tests/test_iteration22_features.py:192: in test_collections_info_has_work_locations_protected
    assert response.status_code == 200
E   assert 401 == 200
E    +  where 401 = &lt;Response [401]&gt;.status_code</failure></testcase><testcase classname="tests.test_iteration22_features.TestProtectedCollections" name="test_storage_info_shows_work_locations" time="0.049"><failure message="assert 401 == 200&#10; +  where 401 = &lt;Response [401]&gt;.status_code">tests/test_iteration22_features.py:202: in test_storage_info_shows_work_locations
    assert response.status_code == 200
E   assert 401 == 200
E    +  where 401 = &lt;Response [401]&gt;.status_code</failure></testcase><testcase classname="tests.test_iteration22_features.TestWorkLocationsAPI" name="test_get_work_locations" time="0.079"><failure message="assert 403 == 200&#10; +  where 403 = &lt;Response [403]&gt;.status_code">tests/test_iteration22_features.py:219: in test_get_work_locations
    assert response.status_code == 200
E   assert 403 == 200
E    +  where 403 = &lt;Response [403]&gt;.status_code</failure></testcase></testsuite></testsuites>