<?xml version="1.0" encoding="utf-8"?><testsuites name="pytest tests"><testsuite name="pytest" errors="0" failures="0" skipped="0" tests="17" time="7.417" timestamp="2026-02-19T21:37:37.020975+00:00" hostname="agent-env-ffb499d2-7c01-47a0-92f3-ff8bfb90baa4"><testcase classname="backend.tests.test_executive_dashboard.TestExecutiveAnalytics" name="test_executive_dashboard_unauthorized" time="0.313" /><testcase classname="backend.tests.test_executive_dashboard.TestExecutiveAnalytics" name="test_executive_dashboard_wrong_role" time="0.540" /><testcase classname="backend.tests.test_executive_dashboard.TestExecutiveAnalytics" name="test_executive_dashboard_as_stas" time="0.448" /><testcase classname="backend.tests.test_executive_dashboard.TestExecutiveAnalytics" name="test_executive_dashboard_as_mohammed" time="0.435" /><testcase classname="backend.tests.test_executive_dashboard.TestExecutiveAnalytics" name="test_executive_dashboard_as_sultan" time="0.471" /><testcase classname="backend.tests.test_executive_dashboard.TestExecutiveAnalytics" name="test_executive_dashboard_metrics_structure" time="0.417" /><testcase classname="backend.tests.test_executive_dashboard.TestExecutiveAnalytics" name="test_executive_dashboard_quick_stats" time="0.431" /><testcase classname="backend.tests.test_executive_dashboard.TestExecutiveAnalytics" name="test_executive_dashboard_top_performers" time="0.431" /><testcase classname="backend.tests.test_executive_dashboard.TestExecutiveAnalytics" name="test_executive_dashboard_needs_attention" time="0.499" /><testcase classname="backend.tests.test_executive_dashboard.TestExecutiveAnalytics" name="test_executive_dashboard_monthly_trend" time="0.465" /><testcase classname="backend.tests.test_executive_dashboard.TestExecutiveAnalytics" name="test_executive_dashboard_executive_summary" time="0.420" /><testcase classname="backend.tests.test_executive_dashboard.TestExecutiveAnalytics" name="test_executive_dashboard_with_month_param" time="0.413" /><testcase classname="backend.tests.test_executive_dashboard.TestExecutiveAnalytics" name="test_alerts_unauthorized" time="0.126" /><testcase classname="backend.tests.test_executive_dashboard.TestExecutiveAnalytics" name="test_alerts_as_stas" time="0.418" /><testcase classname="backend.tests.test_executive_dashboard.TestExecutiveAnalytics" name="test_alerts_as_mohammed" time="0.497" /><testcase classname="backend.tests.test_executive_dashboard.TestExecutiveAnalytics" name="test_employee_score" time="0.531" /><testcase classname="backend.tests.test_executive_dashboard.TestExecutiveAnalytics" name="test_employee_score_not_found" time="0.392" /></testsuite></testsuites>