<?xml version="1.0" encoding="utf-8"?><testsuites name="pytest tests"><testsuite name="pytest" errors="0" failures="0" skipped="0" tests="16" time="3.201" timestamp="2026-02-23T13:12:59.654059+00:00" hostname="agent-env-4dfab38a-5eae-4d86-8d8e-07493f24f73d"><testcase classname="backend.tests.test_iteration44_pdf_arabic_names.TestAuthentication" name="test_sultan_login_with_arabic_name" time="0.418" /><testcase classname="backend.tests.test_iteration44_pdf_arabic_names.TestAuthentication" name="test_stas_login" time="0.274" /><testcase classname="backend.tests.test_iteration44_pdf_arabic_names.TestTransactionData" name="test_transaction_exists" time="0.325" /><testcase classname="backend.tests.test_iteration44_pdf_arabic_names.TestTransactionData" name="test_approval_chain_has_sultan_ops" time="0.066" /><testcase classname="backend.tests.test_iteration44_pdf_arabic_names.TestPDFDownload" name="test_pdf_download_success" time="0.166" /><testcase classname="backend.tests.test_iteration44_pdf_arabic_names.TestPDFDownload" name="test_pdf_has_integrity_headers" time="0.156" /><testcase classname="backend.tests.test_iteration44_pdf_arabic_names.TestPDFContent" name="test_pdf_contains_admin_manager_role" time="0.216" /><testcase classname="backend.tests.test_iteration44_pdf_arabic_names.TestPDFContent" name="test_pdf_contains_sultan_arabic_name" time="0.168" /><testcase classname="backend.tests.test_iteration44_pdf_arabic_names.TestPDFContent" name="test_pdf_contains_sultan_english_name" time="0.163" /><testcase classname="backend.tests.test_iteration44_pdf_arabic_names.TestPDFContent" name="test_pdf_contains_stas" time="0.181" /><testcase classname="backend.tests.test_iteration44_pdf_arabic_names.TestPDFContent" name="test_pdf_contains_transaction_details" time="0.168" /><testcase classname="backend.tests.test_iteration44_pdf_arabic_names.TestPublicHolidays" name="test_get_holidays_list" time="0.337" /><testcase classname="backend.tests.test_iteration44_pdf_arabic_names.TestPublicHolidays" name="test_holidays_have_date_fields" time="0.049" /><testcase classname="backend.tests.test_iteration44_pdf_arabic_names.TestRoleDefinitions" name="test_ops_role_is_admin_manager" time="0.000" /><testcase classname="backend.tests.test_iteration44_pdf_arabic_names.TestRoleDefinitions" name="test_hr_role_is_admin_manager" time="0.000" /><testcase classname="backend.tests.test_iteration44_pdf_arabic_names.TestApprovalChainEnrichment" name="test_pdf_endpoint_enriches_approval_chain" time="0.421" /></testsuite></testsuites>