<?xml version="1.0" encoding="utf-8"?><testsuites name="pytest tests"><testsuite name="pytest" errors="0" failures="0" skipped="0" tests="12" time="6.532" timestamp="2026-02-17T21:19:48.674971+00:00" hostname="agent-env-d96c69f5-e2dc-4ce1-a626-09e3c720e91b"><testcase classname="backend.tests.test_iteration27_notifications.TestExpiringContracts" name="test_expiring_contracts_endpoint_exists" time="0.488" /><testcase classname="backend.tests.test_iteration27_notifications.TestExpiringContracts" name="test_expiring_contracts_employee_structure" time="0.646" /><testcase classname="backend.tests.test_iteration27_notifications.TestExpiringContracts" name="test_expiring_contracts_requires_auth" time="0.166" /><testcase classname="backend.tests.test_iteration27_notifications.TestHeaderAlerts" name="test_header_alerts_endpoint_exists" time="0.470" /><testcase classname="backend.tests.test_iteration27_notifications.TestHeaderAlerts" name="test_header_alerts_structure" time="0.536" /><testcase classname="backend.tests.test_iteration27_notifications.TestLeaveCarryover" name="test_leave_carryover_endpoint_exists" time="0.671" /><testcase classname="backend.tests.test_iteration27_notifications.TestLeaveCarryover" name="test_leave_carryover_requires_auth" time="0.149" /><testcase classname="backend.tests.test_iteration27_notifications.TestEmployeeCard" name="test_employee_summary_endpoint" time="0.655" /><testcase classname="backend.tests.test_iteration27_notifications.TestEmployeeCard" name="test_employee_profile_endpoint" time="0.666" /><testcase classname="backend.tests.test_iteration27_notifications.TestEmployeeCard" name="test_employees_list_with_expiry_data" time="0.516" /><testcase classname="backend.tests.test_iteration27_notifications.TestIntegration" name="test_full_notification_flow" time="0.761" /><testcase classname="backend.tests.test_iteration27_notifications.TestIntegration" name="test_employee_card_preview_data" time="0.729" /></testsuite></testsuites>