<?xml version="1.0" encoding="utf-8"?><testsuites name="pytest tests"><testsuite name="pytest" errors="0" failures="0" skipped="0" tests="10" time="1.653" timestamp="2026-02-17T10:54:48.731317+00:00" hostname="agent-env-70f72895-76f3-4564-9d9c-08ce497c1fab"><testcase classname="tests.test_iteration22_features.TestHealthEndpoint" name="test_health_returns_version" time="0.144" /><testcase classname="tests.test_iteration22_features.TestAnnouncementsAPI" name="test_get_announcements_structure" time="0.178" /><testcase classname="tests.test_iteration22_features.TestAnnouncementsAPI" name="test_create_regular_announcement" time="0.113" /><testcase classname="tests.test_iteration22_features.TestAnnouncementsAPI" name="test_create_pinned_announcement" time="0.154" /><testcase classname="tests.test_iteration22_features.TestAnnouncementsAPI" name="test_dismiss_regular_announcement" time="0.402" /><testcase classname="tests.test_iteration22_features.TestAnnouncementsAPI" name="test_cannot_dismiss_pinned_announcement" time="0.247" /><testcase classname="tests.test_iteration22_features.TestAnnouncementsAPI" name="test_get_all_announcements_admin" time="0.104" /><testcase classname="tests.test_iteration22_features.TestProtectedCollections" name="test_collections_info_has_work_locations_protected" time="0.079" /><testcase classname="tests.test_iteration22_features.TestProtectedCollections" name="test_storage_info_shows_work_locations" time="0.082" /><testcase classname="tests.test_iteration22_features.TestWorkLocationsAPI" name="test_get_work_locations" time="0.085" /></testsuite></testsuites>