<?xml version="1.0" encoding="utf-8"?><testsuites name="pytest tests"><testsuite name="pytest" errors="0" failures="0" skipped="0" tests="15" time="5.328" timestamp="2026-02-18T23:16:04.041503+00:00" hostname="agent-env-117ba718-2566-45aa-ac46-825df95977d9"><testcase classname="backend.tests.test_iteration29_attendance_engine.TestHealthCheck" name="test_api_health" time="0.243" /><testcase classname="backend.tests.test_iteration29_attendance_engine.TestDayResolver" name="test_resolve_day_for_employee" time="0.309" /><testcase classname="backend.tests.test_iteration29_attendance_engine.TestDayResolver" name="test_resolve_day_returns_trace_log" time="0.339" /><testcase classname="backend.tests.test_iteration29_attendance_engine.TestProcessDaily" name="test_process_daily_endpoint" time="0.420" /><testcase classname="backend.tests.test_iteration29_attendance_engine.TestProcessDaily" name="test_process_daily_excludes_admin_users" time="0.401" /><testcase classname="backend.tests.test_iteration29_attendance_engine.TestMyFinances" name="test_my_finances_summary_endpoint" time="0.417" /><testcase classname="backend.tests.test_iteration29_attendance_engine.TestMyFinances" name="test_my_finances_deductions_endpoint" time="0.230" /><testcase classname="backend.tests.test_iteration29_attendance_engine.TestMyFinances" name="test_my_finances_warnings_endpoint" time="0.444" /><testcase classname="backend.tests.test_iteration29_attendance_engine.TestDailyStatus" name="test_get_daily_status" time="0.374" /><testcase classname="backend.tests.test_iteration29_attendance_engine.TestDailyStatus" name="test_get_daily_status_range" time="0.375" /><testcase classname="backend.tests.test_iteration29_attendance_engine.TestTeamAttendance" name="test_team_attendance_day" time="0.279" /><testcase classname="backend.tests.test_iteration29_attendance_engine.TestMonthlyHours" name="test_get_monthly_hours" time="0.357" /><testcase classname="backend.tests.test_iteration29_attendance_engine.TestSchedulerJobs" name="test_jobs_daily_endpoint" time="0.317" /><testcase classname="backend.tests.test_iteration29_attendance_engine.TestSchedulerJobs" name="test_jobs_logs_endpoint" time="0.355" /><testcase classname="backend.tests.test_iteration29_attendance_engine.TestResolveBulk" name="test_resolve_bulk" time="0.292" /></testsuite></testsuites>