<?xml version="1.0" encoding="utf-8"?><testsuites name="pytest tests"><testsuite name="pytest" errors="0" failures="0" skipped="0" tests="17" time="6.321" timestamp="2026-02-19T20:44:30.401356+00:00" hostname="agent-env-db95e9db-90a6-445f-9977-ace0595ecd1f"><testcase classname="tests.test_admin_custody_system.TestLogin" name="test_sultan_login" time="0.682" /><testcase classname="tests.test_admin_custody_system.TestLogin" name="test_salah_login" time="0.411" /><testcase classname="tests.test_admin_custody_system.TestLogin" name="test_stas_login" time="0.390" /><testcase classname="tests.test_admin_custody_system.TestExpenseCodes" name="test_get_all_codes" time="0.556" /><testcase classname="tests.test_admin_custody_system.TestExpenseCodes" name="test_get_specific_code" time="0.126" /><testcase classname="tests.test_admin_custody_system.TestExpenseCodes" name="test_get_nonexistent_code" time="0.137" /><testcase classname="tests.test_admin_custody_system.TestCustodyCreation" name="test_sultan_create_custody" time="0.190" /><testcase classname="tests.test_admin_custody_system.TestCustodyCreation" name="test_salah_cannot_create_custody" time="0.686" /><testcase classname="tests.test_admin_custody_system.TestCustodySummary" name="test_get_summary" time="0.142" /><testcase classname="tests.test_admin_custody_system.TestFullWorkflow" name="test_01_add_expense" time="0.379" /><testcase classname="tests.test_admin_custody_system.TestFullWorkflow" name="test_02_add_second_expense" time="0.120" /><testcase classname="tests.test_admin_custody_system.TestFullWorkflow" name="test_03_submit_for_audit" time="0.165" /><testcase classname="tests.test_admin_custody_system.TestFullWorkflow" name="test_04_salah_audits" time="0.136" /><testcase classname="tests.test_admin_custody_system.TestFullWorkflow" name="test_05_stas_executes" time="0.486" /><testcase classname="tests.test_admin_custody_system.TestFullWorkflow" name="test_06_close_custody" time="0.201" /><testcase classname="tests.test_admin_custody_system.TestDeleteExpense" name="test_delete_expense" time="0.568" /><testcase classname="tests.test_admin_custody_system.TestAuditReject" name="test_salah_can_reject_audit" time="0.774" /></testsuite></testsuites>