<?xml version="1.0" encoding="utf-8"?><testsuites name="pytest tests"><testsuite name="pytest" errors="0" failures="0" skipped="0" tests="16" time="7.778" timestamp="2026-02-23T09:04:35.898040+00:00" hostname="agent-env-abfe9b44-e7c3-40f2-9eab-fa0f81622d18"><testcase classname="backend.tests.test_iteration43_pdf_professional.TestAuthentication" name="test_login_stas506" time="0.492" /><testcase classname="backend.tests.test_iteration43_pdf_professional.TestAuthentication" name="test_login_sultan" time="0.330" /><testcase classname="backend.tests.test_iteration43_pdf_professional.TestAuthentication" name="test_login_mohammed" time="0.326" /><testcase classname="backend.tests.test_iteration43_pdf_professional.TestPDFDownloadEndpoint" name="test_pdf_endpoint_exists" time="0.587" /><testcase classname="backend.tests.test_iteration43_pdf_professional.TestPDFDownloadEndpoint" name="test_pdf_download_returns_pdf_content_type" time="0.594" /><testcase classname="backend.tests.test_iteration43_pdf_professional.TestPDFDownloadEndpoint" name="test_pdf_download_has_integrity_headers" time="0.557" /><testcase classname="backend.tests.test_iteration43_pdf_professional.TestPDFDownloadEndpoint" name="test_pdf_download_valid_pdf_structure" time="0.553" /><testcase classname="backend.tests.test_iteration43_pdf_professional.TestPDFDownloadEndpoint" name="test_pdf_download_not_found_transaction" time="0.430" /><testcase classname="backend.tests.test_iteration43_pdf_professional.TestPDFDownloadEndpoint" name="test_pdf_download_requires_authentication" time="0.100" /><testcase classname="backend.tests.test_iteration43_pdf_professional.TestTransactionWorkflow" name="test_get_pending_transactions" time="0.422" /><testcase classname="backend.tests.test_iteration43_pdf_professional.TestTransactionWorkflow" name="test_list_executed_transactions" time="0.425" /><testcase classname="backend.tests.test_iteration43_pdf_professional.TestPDFContentVerification" name="test_pdf_contains_bilingual_header" time="0.676" /><testcase classname="backend.tests.test_iteration43_pdf_professional.TestPDFContentVerification" name="test_pdf_has_multiple_qr_codes" time="0.617" /><testcase classname="backend.tests.test_iteration43_pdf_professional.TestExistingTransactionPDF" name="test_get_executed_transaction_details" time="0.452" /><testcase classname="backend.tests.test_iteration43_pdf_professional.TestExistingTransactionPDF" name="test_download_and_save_pdf" time="0.564" /><testcase classname="backend.tests.test_iteration43_pdf_professional.TestSTASMirrorEndpoints" name="test_stas_mirror_endpoint" time="0.440" /></testsuite></testsuites>