<?xml version="1.0" encoding="utf-8"?><testsuites name="pytest tests"><testsuite name="pytest" errors="0" failures="0" skipped="0" tests="9" time="3.597" timestamp="2026-02-28T14:07:18.281205+00:00" hostname="agent-env-5be99dc5-b88a-486f-9b9c-e7a84fb5cff1"><testcase classname="backend.tests.test_iteration51_system_nuclear_delete.TestCollectionsStatsAPI" name="test_stas_can_get_collections_stats" time="0.576" /><testcase classname="backend.tests.test_iteration51_system_nuclear_delete.TestCollectionsStatsAPI" name="test_sultan_can_get_collections_stats" time="0.507" /><testcase classname="backend.tests.test_iteration51_system_nuclear_delete.TestCollectionsStatsAPI" name="test_naif_cannot_get_collections_stats" time="0.487" /><testcase classname="backend.tests.test_iteration51_system_nuclear_delete.TestCollectionsStatsAPI" name="test_unauthenticated_cannot_get_collections_stats" time="0.104" /><testcase classname="backend.tests.test_iteration51_system_nuclear_delete.TestNuclearDeletePermissions" name="test_naif_cannot_nuclear_delete" time="0.472" /><testcase classname="backend.tests.test_iteration51_system_nuclear_delete.TestNuclearDeletePermissions" name="test_unauthenticated_cannot_nuclear_delete" time="0.106" /><testcase classname="backend.tests.test_iteration51_system_nuclear_delete.TestAuthenticationEndpoints" name="test_stas506_login" time="0.366" /><testcase classname="backend.tests.test_iteration51_system_nuclear_delete.TestAuthenticationEndpoints" name="test_sultan_login" time="0.386" /><testcase classname="backend.tests.test_iteration51_system_nuclear_delete.TestAuthenticationEndpoints" name="test_naif_login" time="0.401" /></testsuite></testsuites>