<?xml version="1.0" encoding="utf-8"?><testsuites name="pytest tests"><testsuite name="pytest" errors="0" failures="0" skipped="0" tests="15" time="2.232" timestamp="2026-02-14T11:01:12.990125+00:00" hostname="agent-env-37b2e5ff-3740-4636-b87a-140f1d6b1826"><testcase classname="backend.tests.test_iteration11_features.TestCompanyBrandingAPI" name="test_get_branding_as_stas" time="0.316" /><testcase classname="backend.tests.test_iteration11_features.TestCompanyBrandingAPI" name="test_get_branding_as_sultan" time="0.202" /><testcase classname="backend.tests.test_iteration11_features.TestCompanyBrandingAPI" name="test_put_branding_as_stas" time="0.105" /><testcase classname="backend.tests.test_iteration11_features.TestCompanyBrandingAPI" name="test_put_branding_as_sultan_should_fail" time="0.098" /><testcase classname="backend.tests.test_iteration11_features.TestTransactionDetailAPI" name="test_get_transaction_detail" time="0.099" /><testcase classname="backend.tests.test_iteration11_features.TestTransactionDetailAPI" name="test_transaction_data_no_object_object" time="0.096" /><testcase classname="backend.tests.test_iteration11_features.TestTransactionDetailAPI" name="test_transaction_timeline_exists" time="0.097" /><testcase classname="backend.tests.test_iteration11_features.TestTransactionDetailAPI" name="test_transaction_approval_chain" time="0.284" /><testcase classname="backend.tests.test_iteration11_features.TestPDFGeneration" name="test_pdf_download_arabic" time="0.137" /><testcase classname="backend.tests.test_iteration11_features.TestPDFGeneration" name="test_pdf_download_english" time="0.125" /><testcase classname="backend.tests.test_iteration11_features.TestSTASWorkflow" name="test_stas_can_view_all_transactions" time="0.107" /><testcase classname="backend.tests.test_iteration11_features.TestSTASWorkflow" name="test_transaction_return_logic" time="0.122" /><testcase classname="backend.tests.test_iteration11_features.TestDashboardStats" name="test_dashboard_stats_for_stas" time="0.108" /><testcase classname="backend.tests.test_iteration11_features.TestUserSwitcher" name="test_user_switcher_returns_users" time="0.096" /><testcase classname="backend.tests.test_iteration11_features.TestUserSwitcher" name="test_switch_to_stas_user" time="0.100" /></testsuite></testsuites>