<?xml version="1.0" encoding="utf-8"?><testsuites name="pytest tests"><testsuite name="pytest" errors="0" failures="0" skipped="0" tests="12" time="4.618" timestamp="2026-02-25T12:32:44.621964+00:00" hostname="agent-env-5894ff63-dab3-46ce-8ba0-29ecac377e73"><testcase classname="tests.test_iteration45_settlement_pdf.TestSettlementPDFArabicRendering" name="test_settlement_list_api" time="0.501" /><testcase classname="tests.test_iteration45_settlement_pdf.TestSettlementPDFArabicRendering" name="test_settlement_get_by_id" time="0.124" /><testcase classname="tests.test_iteration45_settlement_pdf.TestSettlementPDFArabicRendering" name="test_settlement_pdf_generates" time="0.301" /><testcase classname="tests.test_iteration45_settlement_pdf.TestSettlementPDFArabicRendering" name="test_settlement_pdf_contains_arabic_text" time="0.228" /><testcase classname="tests.test_iteration45_settlement_pdf.TestSettlementPDFArabicRendering" name="test_settlement_pdf_content_disposition" time="0.234" /><testcase classname="tests.test_iteration45_settlement_pdf.TestSettlementPreviewPartialMonthSalary" name="test_preview_returns_partial_month_salary" time="0.653" /><testcase classname="tests.test_iteration45_settlement_pdf.TestSettlementPreviewPartialMonthSalary" name="test_preview_partial_month_in_totals" time="0.114" /><testcase classname="tests.test_iteration45_settlement_pdf.TestSettlementPageLoad" name="test_settlement_api_accessible" time="0.432" /><testcase classname="tests.test_iteration45_settlement_pdf.TestSettlementPageLoad" name="test_termination_types_api" time="0.448" /><testcase classname="tests.test_iteration45_settlement_pdf.TestSettlementPageLoad" name="test_employees_api_for_settlement" time="0.484" /><testcase classname="tests.test_iteration45_settlement_pdf.TestSettlementPageLoad" name="test_contracts_api_for_settlement" time="0.513" /><testcase classname="tests.test_iteration45_settlement_pdf.TestSettlementPDFSnapshot" name="test_settlement_snapshot_has_all_fields" time="0.431" /></testsuite></testsuites>