<?xml version="1.0" encoding="utf-8"?><testsuites name="pytest tests"><testsuite name="pytest" errors="0" failures="1" skipped="0" tests="12" time="2.561" timestamp="2026-02-20T08:12:17.949132+00:00" hostname="agent-env-423e5c25-35d3-4ed5-9c3d-24736f5b34f0"><testcase classname="backend.tests.test_iteration37_summary_features.TestEmployeeSummaryDynamicHours" name="test_summary_returns_required_monthly_hours" time="0.622" /><testcase classname="backend.tests.test_iteration37_summary_features.TestEmployeeSummaryDynamicHours" name="test_summary_returns_work_days_in_month" time="0.123" /><testcase classname="backend.tests.test_iteration37_summary_features.TestEmployeeSummaryDynamicHours" name="test_summary_returns_daily_hours" time="0.138" /><testcase classname="backend.tests.test_iteration37_summary_features.TestEmployeeSummaryDynamicHours" name="test_summary_returns_hours_until_deduction" time="0.147" /><testcase classname="backend.tests.test_iteration37_summary_features.TestEmployeeSummaryDynamicHours" name="test_summary_returns_days_to_deduct" time="0.102" /><testcase classname="backend.tests.test_iteration37_summary_features.TestEmployeeSummaryDynamicHours" name="test_dynamic_calculation_varies_by_employee" time="0.274" /><testcase classname="backend.tests.test_iteration37_summary_features.TestEmployeeSummaryDynamicHours" name="test_summary_contains_all_attendance_fields" time="0.125" /><testcase classname="backend.tests.test_iteration37_summary_features.TestEmployeeSummaryAccess" name="test_admin_can_access_any_summary" time="0.113" /><testcase classname="backend.tests.test_iteration37_summary_features.TestEmployeeSummaryAccess" name="test_employee_can_access_own_summary" time="0.440" /><testcase classname="backend.tests.test_iteration37_summary_features.TestEmployeeSummaryAccess" name="test_summary_returns_404_for_nonexistent_employee" time="0.098" /><testcase classname="backend.tests.test_iteration37_summary_features.TestAttendancePageAccess" name="test_attendance_endpoint_accessible" time="0.108"><failure message="AssertionError: Got unexpected status 404&#10;assert 404 in [200, 401, 403]&#10; +  where 404 = &lt;Response [404]&gt;.status_code">backend/tests/test_iteration37_summary_features.py:248: in test_attendance_endpoint_accessible
    assert response.status_code in [200, 401, 403], f"Got unexpected status {response.status_code}"
E   AssertionError: Got unexpected status 404
E   assert 404 in [200, 401, 403]
E    +  where 404 = &lt;Response [404]&gt;.status_code</failure></testcase><testcase classname="backend.tests.test_iteration37_summary_features.TestHealthEndpoint" name="test_health_endpoint" time="0.103" /></testsuite></testsuites>