<?xml version="1.0" encoding="utf-8"?><testsuites name="pytest tests"><testsuite name="pytest" errors="0" failures="0" skipped="0" tests="8" time="2.059" timestamp="2026-02-15T20:29:46.371323+00:00" hostname="agent-env-cd1efbea-8516-43e5-b11c-4a6cde46a737"><testcase classname="tests.test_iteration18_features.TestMapVisibilityPublic" name="test_map_visibility_public_as_employee" time="0.297" /><testcase classname="tests.test_iteration18_features.TestMapVisibilityPublic" name="test_map_visibility_public_as_stas" time="0.179" /><testcase classname="tests.test_iteration18_features.TestLeaveBalance" name="test_leave_balance_returns_six_types" time="0.206" /><testcase classname="tests.test_iteration18_features.TestSultanWorkflow" name="test_sultan_leave_request_goes_to_ceo" time="0.210" /><testcase classname="tests.test_iteration18_features.TestSultanWorkflow" name="test_ceo_can_approve_sultan_request" time="0.324" /><testcase classname="tests.test_iteration18_features.TestTransactionsPage" name="test_transactions_list" time="0.200" /><testcase classname="tests.test_iteration18_features.TestDateFormat" name="test_transaction_created_at_format" time="0.269" /><testcase classname="tests.test_iteration18_features.TestAttendanceAdmin" name="test_admin_attendance_time_fields" time="0.176" /></testsuite></testsuites>