<?xml version="1.0" encoding="utf-8"?><testsuites name="pytest tests"><testsuite name="pytest" errors="0" failures="0" skipped="0" tests="16" time="2.892" timestamp="2026-02-19T00:29:15.119889+00:00" hostname="agent-env-a853993a-f020-47f1-b040-ddfc1752f71e"><testcase classname="backend.tests.test_iteration30_devices_transactions.TestDeviceAPIs" name="test_get_all_devices" time="0.407" /><testcase classname="backend.tests.test_iteration30_devices_transactions.TestDeviceAPIs" name="test_get_pending_devices" time="0.110" /><testcase classname="backend.tests.test_iteration30_devices_transactions.TestDeviceAPIs" name="test_get_devices_requires_stas_role" time="0.245" /><testcase classname="backend.tests.test_iteration30_devices_transactions.TestAccountBlockAPIs" name="test_get_account_status" time="0.138" /><testcase classname="backend.tests.test_iteration30_devices_transactions.TestAccountBlockAPIs" name="test_block_account" time="0.248" /><testcase classname="backend.tests.test_iteration30_devices_transactions.TestAccountBlockAPIs" name="test_unblock_account" time="0.236" /><testcase classname="backend.tests.test_iteration30_devices_transactions.TestAccountBlockAPIs" name="test_cannot_block_admin_account" time="0.179" /><testcase classname="backend.tests.test_iteration30_devices_transactions.TestAccountBlockAPIs" name="test_block_requires_stas_role" time="0.195" /><testcase classname="backend.tests.test_iteration30_devices_transactions.TestSecurityLogsAPI" name="test_get_security_logs" time="0.114" /><testcase classname="backend.tests.test_iteration30_devices_transactions.TestSecurityLogsAPI" name="test_get_security_logs_with_employee_filter" time="0.117" /><testcase classname="backend.tests.test_iteration30_devices_transactions.TestSecurityLogsAPI" name="test_security_logs_requires_stas_role" time="0.136" /><testcase classname="backend.tests.test_iteration30_devices_transactions.TestTransactionDeleteAPI" name="test_non_stas_cannot_delete" time="0.150" /><testcase classname="backend.tests.test_iteration30_devices_transactions.TestTransactionDeleteAPI" name="test_delete_nonexistent_transaction" time="0.102" /><testcase classname="backend.tests.test_iteration30_devices_transactions.TestTransactionDeleteAPI" name="test_get_transactions_for_stas" time="0.110" /><testcase classname="backend.tests.test_iteration30_devices_transactions.TestMyTransactionsIntegration" name="test_transactions_list_returns_correct_structure" time="0.142" /><testcase classname="backend.tests.test_iteration30_devices_transactions.TestDeviceValidationAPI" name="test_device_signature_generation" time="0.116" /></testsuite></testsuites>