<?xml version="1.0" encoding="utf-8"?><testsuites name="pytest tests"><testsuite name="pytest" errors="0" failures="0" skipped="0" tests="15" time="9.020" timestamp="2026-02-14T00:27:16.359723+00:00" hostname="agent-env-44c1e2b2-c749-406b-b219-e5110f09c2cf"><testcase classname="backend.tests.test_iteration7_ui_overhaul.TestHolidayCRUD" name="test_get_holidays" time="0.702" /><testcase classname="backend.tests.test_iteration7_ui_overhaul.TestHolidayCRUD" name="test_sultan_create_holiday" time="0.699" /><testcase classname="backend.tests.test_iteration7_ui_overhaul.TestHolidayCRUD" name="test_naif_create_holiday" time="0.647" /><testcase classname="backend.tests.test_iteration7_ui_overhaul.TestHolidayCRUD" name="test_stas_create_holiday" time="0.606" /><testcase classname="backend.tests.test_iteration7_ui_overhaul.TestHolidayCRUD" name="test_employee_cannot_create_holiday" time="0.629" /><testcase classname="backend.tests.test_iteration7_ui_overhaul.TestHolidayCRUD" name="test_update_holiday" time="1.957" /><testcase classname="backend.tests.test_iteration7_ui_overhaul.TestHolidayCRUD" name="test_delete_holiday" time="0.830" /><testcase classname="backend.tests.test_iteration7_ui_overhaul.TestAttendanceAdmin" name="test_admin_daily_attendance" time="0.340" /><testcase classname="backend.tests.test_iteration7_ui_overhaul.TestAttendanceAdmin" name="test_admin_weekly_attendance" time="0.501" /><testcase classname="backend.tests.test_iteration7_ui_overhaul.TestAttendanceAdmin" name="test_admin_monthly_attendance" time="0.441" /><testcase classname="backend.tests.test_iteration7_ui_overhaul.TestAttendanceAdmin" name="test_admin_yearly_attendance" time="0.342" /><testcase classname="backend.tests.test_iteration7_ui_overhaul.TestAttendanceAdmin" name="test_employee_cannot_access_admin" time="0.377" /><testcase classname="backend.tests.test_iteration7_ui_overhaul.TestFinancialCustody" name="test_get_custody_list" time="0.226" /><testcase classname="backend.tests.test_iteration7_ui_overhaul.TestFinancialCustody" name="test_get_custody_summary" time="0.255" /><testcase classname="backend.tests.test_iteration7_ui_overhaul.TestFinancialCustody" name="test_get_custody_detail" time="0.391" /></testsuite></testsuites>