<?xml version="1.0" encoding="utf-8"?><testsuites name="pytest tests"><testsuite name="pytest" errors="0" failures="3" skipped="0" tests="17" time="3.112" timestamp="2026-02-14T09:47:20.209784+00:00" hostname="agent-env-409a7f63-e14b-4eb8-87b7-d344e61b3a06"><testcase classname="tests.test_iteration10_features.TestHealthCheck" name="test_health_endpoint" time="0.240" /><testcase classname="tests.test_iteration10_features.TestCompanyBrandingAPI" name="test_get_branding_unauthorized" time="0.099"><failure message="assert 403 == 401&#10; +  where 403 = &lt;Response [403]&gt;.status_code">tests/test_iteration10_features.py:77: in test_get_branding_unauthorized
    assert response.status_code == 401
E   assert 403 == 401
E    +  where 403 = &lt;Response [403]&gt;.status_code</failure></testcase><testcase classname="tests.test_iteration10_features.TestCompanyBrandingAPI" name="test_get_branding_stas" time="0.219" /><testcase classname="tests.test_iteration10_features.TestCompanyBrandingAPI" name="test_update_branding_stas" time="0.127" /><testcase classname="tests.test_iteration10_features.TestCompanyBrandingAPI" name="test_update_branding_sultan_forbidden" time="0.204" /><testcase classname="tests.test_iteration10_features.TestTransactionsAPI" name="test_get_transactions_unauthorized" time="0.148"><failure message="assert 403 == 401&#10; +  where 403 = &lt;Response [403]&gt;.status_code">tests/test_iteration10_features.py:120: in test_get_transactions_unauthorized
    assert response.status_code == 401
E   assert 403 == 401
E    +  where 403 = &lt;Response [403]&gt;.status_code</failure></testcase><testcase classname="tests.test_iteration10_features.TestTransactionsAPI" name="test_get_transactions_list" time="0.094" /><testcase classname="tests.test_iteration10_features.TestTransactionsAPI" name="test_get_transaction_detail" time="0.181" /><testcase classname="tests.test_iteration10_features.TestTransactionsAPI" name="test_transaction_filter_by_status" time="0.098" /><testcase classname="tests.test_iteration10_features.TestTransactionsAPI" name="test_transaction_filter_by_type" time="0.098" /><testcase classname="tests.test_iteration10_features.TestPDFGeneration" name="test_get_pdf" time="0.208" /><testcase classname="tests.test_iteration10_features.TestPDFGeneration" name="test_pdf_has_saudi_timezone" time="0.622"><failure message="assert ('Saudi Time' in '%PDF-1.4\n%\x93\x8c\x8b\x9e ReportLab Generated PDF document (opensource)\n1 0 obj\n&lt;&lt;\n/F1 2 0 R /F2 3 0 R /F3+0 8 0 R /F4+0 12 0 R\n&gt;&gt;\nendobj\n2 0 obj\n&lt;&lt;\n/BaseFont /Helvetica /Encoding /WinAnsiEncoding /Name /F1 /Subtype /Type1 /Type /Font\n&gt;&gt;\nendobj\n3 0 obj\n&lt;&lt;\n/BaseFont /Helvetica-Bold /Encoding /WinAnsiEncoding /Name /F2 /Subtype /Type1 /Type /Font\n&gt;&gt;\nendobj\n4 0 obj\n&lt;&lt;\n/Contents 16 0 R /MediaBox [ 0 0 595.2756 841.8898 ] /Parent 15 0 R /Resources &lt;&lt;\n/Font 1 0 R /ProcSet [ /PDF /Text /ImageB /ImageC /ImageI ]\n&gt;&gt; /Rotate 0 /Trans &lt;&lt;\n\n&gt;&gt; \n  /Type /Page\n&gt;&gt;\nendobj\n5 0 obj\n&lt;&lt;\n/Filter [ /FlateDecode ] /Length 817\n&gt;&gt;\nstream\nx\x9c\x85Õß\x8aÚ@\x14\x06ð{\x9f&quot;\x97-¥hæü\x8b B4\x11ö¢ÛÒí\x0b¸1»\x15v£D÷bß¾~ó\x85\x16\n¥\x82ò©gf~3\x813óí]s7\x1c¯ÅüÛxê\x1eúkñt\x1c\x0ec\x7f9½\x8d]_&lt;öÏÇaV¦âpì®Ó·üÙ½îÏ³ùmðÃûåÚ¿Þ\rO§ÙjUÌ¿ßþ¼\\Ç÷âC\x9d_\x9fîO×ÓÃ~¸ÔãþñØ}Þ\x9c^\x0e\x1fgó¯ã¡\x1f\x8fÃó\x7fÊ\x1eÞÎç\x97þµ\x1f®Åb¶^\x17\x87þé¶è\x97ýù~ÿÚ\x17ó\x7f\x8fýSùãýÜ\x17)\x7f/¹\x81îtè/ç}×\x8fûá¹\x9f\xad\x16\x8bu±ª\x9aõ¬\x1f\x0e\x7fýWjâ\x98Ç§îç~\x9cj\x17·×ú\x96Ë[ÞµKEN9ïr\x96\x9c7\x82¬9×5²åÜVÈÎ¼E\x8e\x9c\x9b\x1dr\x9534«Å\x92ó\x1brÍyòï\x1bÖ´È[®\x95çlX\x9fsKO\x9e\x7fÇ±Ë[.\x17\\\x17cKú\x1bÔ\x94ô7\x1b...9o,L^jTPiFZ%5`_&gt;KX]U&amp;M\',E=MI*M\'2E=BUt`hR+nJ7`-.LmbVHdm^Nsgu0@tMbD3Y1RaH9qWRDK(o/N!l\\&amp;A!q`Z+YM+S=*T,^RF\';sf\\fkRZ&amp;K/A7(&amp;jtASUO2a0jaBWcNn2RF\'_YnRg4AHKf`^j==]],_UeMd+U8Xi7UiSWS@a-3=&amp;0b)%*Wi7#5Eiq=Xg_b1WJp%F144&quot;C,;1=E+4`oD51u!E*).l5Wg/I&lt;UPG&quot;/TChRKCX^jEtfq(c&gt;&gt;/%a*J:al7V-hdh;*=/u[b,=RDiDW;tW-!(+DjV-TR]Q=]&gt;EeCmcq?XWlX/rG+k+d?Q,mQUo&amp;rAKA1EB1p\'A.]@h&amp;I*PeS]HtU%:\'O.9bJl!V(ZLR46cqZeGQ-`7@Q`Pi=m?4@fQlZH=giYm#c+2Sb8@RX(r:Ek-;6S`aeh]Mg&gt;&lt;K5!o(bA&lt;?YDLLn`43&gt;dfl-omakn#&gt;rHWS\\7I.3g@XF%kGL&gt;O\\E,k_`&quot;0ZUT%1^&lt;,5h_9TjKn-;P)1DqXr;57n\'??5FJ&gt;MD!@ub&gt;5d7]\\fO_#8V+h0&amp;;3gZqkcO&quot;fq)u&quot;095(&amp;=BotIJgg&lt;A+8570#L2u~&gt;endstream\nendobj\nxref\n0 17\n0000000000 65535 f \n0000000061 00000 n \n0000000127 00000 n \n0000000234 00000 n \n0000000346 00000 n \n0000000551 00000 n \n0000001443 00000 n \n0000011735 00000 n \n0000011970 00000 n \n0000012764 00000 n \n0000013586 00000 n \n0000022504 00000 n \n0000022738 00000 n \n0000023473 00000 n \n0000023543 00000 n \n0000023824 00000 n \n0000023884 00000 n \ntrailer\n&lt;&lt;\n/ID \n[&lt;830f237e254572d009e7c8856854291c&gt;&lt;830f237e254572d009e7c8856854291c&gt;]\n% ReportLab generated PDF document -- digest (opensource)\n\n/Info 14 0 R\n/Root 13 0 R\n/Size 17\n&gt;&gt;\nstartxref\n25580\n%%EOF\n' or 'Saudi' in '%PDF-1.4\n%\x93\x8c\x8b\x9e ReportLab Generated PDF document (opensource)\n1 0 obj\n&lt;&lt;\n/F1 2 0 R /F2 3 0 R /F3+0 8 0 R /F4+0 12 0 R\n&gt;&gt;\nendobj\n2 0 obj\n&lt;&lt;\n/BaseFont /Helvetica /Encoding /WinAnsiEncoding /Name /F1 /Subtype /Type1 /Type /Font\n&gt;&gt;\nendobj\n3 0 obj\n&lt;&lt;\n/BaseFont /Helvetica-Bold /Encoding /WinAnsiEncoding /Name /F2 /Subtype /Type1 /Type /Font\n&gt;&gt;\nendobj\n4 0 obj\n&lt;&lt;\n/Contents 16 0 R /MediaBox [ 0 0 595.2756 841.8898 ] /Parent 15 0 R /Resources &lt;&lt;\n/Font 1 0 R /ProcSet [ /PDF /Text /ImageB /ImageC /ImageI ]\n&gt;&gt; /Rotate 0 /Trans &lt;&lt;\n\n&gt;&gt; \n  /Type /Page\n&gt;&gt;\nendobj\n5 0 obj\n&lt;&lt;\n/Filter [ /FlateDecode ] /Length 817\n&gt;&gt;\nstream\nx\x9c\x85Õß\x8aÚ@\x14\x06ð{\x9f&quot;\x97-¥hæü\x8b B4\x11ö¢ÛÒí\x0b¸1»\x15v£D÷bß¾~ó\x85\x16\n¥\x82ò©gf~3\x813óí]s7\x1c¯ÅüÛxê\x1eúkñt\x1c\x0ec\x7f9½\x8d]_&lt;öÏÇaV¦âpì®Ó·üÙ½îÏ³ùmðÃûåÚ¿Þ\rO§ÙjUÌ¿ßþ¼\\Ç÷âC\x9d_\x9fîO×ÓÃ~¸ÔãþñØ}Þ\x9c^\x0e\x1fgó¯ã¡\x1f\x8fÃó\x7fÊ\x1eÞÎç\x97þµ\x1f®Åb¶^\x17\x87þé¶è\x97ýù~ÿÚ\x17ó\x7f\x8fýSùãýÜ\x17)\x7f/¹\x81îtè/ç}×\x8fûá¹\x9f\xad\x16\x8bu±ª\x9aõ¬\x1f\x0e\x7fýWjâ\x98Ç§îç~\x9cj\x17·×ú\x96Ë[ÞµKEN9ïr\x96\x9c7\x82¬9×5²åÜVÈÎ¼E\x8e\x9c\x9b\x1dr\x9534«Å\x92ó\x1brÍyòï\x1bÖ´È[®\x95çlX\x9fsKO\x9e\x7fÇ±Ë[.\x17\\\x17cKú\x1bÔ\x94ô7\x1b...9o,L^jTPiFZ%5`_&gt;KX]U&amp;M\',E=MI*M\'2E=BUt`hR+nJ7`-.LmbVHdm^Nsgu0@tMbD3Y1RaH9qWRDK(o/N!l\\&amp;A!q`Z+YM+S=*T,^RF\';sf\\fkRZ&amp;K/A7(&amp;jtASUO2a0jaBWcNn2RF\'_YnRg4AHKf`^j==]],_UeMd+U8Xi7UiSWS@a-3=&amp;0b)%*Wi7#5Eiq=Xg_b1WJp%F144&quot;C,;1=E+4`oD51u!E*).l5Wg/I&lt;UPG&quot;/TChRKCX^jEtfq(c&gt;&gt;/%a*J:al7V-hdh;*=/u[b,=RDiDW;tW-!(+DjV-TR]Q=]&gt;EeCmcq?XWlX/rG+k+d?Q,mQUo&amp;rAKA1EB1p\'A.]@h&amp;I*PeS]HtU%:\'O.9bJl!V(ZLR46cqZeGQ-`7@Q`Pi=m?4@fQlZH=giYm#c+2Sb8@RX(r:Ek-;6S`aeh]Mg&gt;&lt;K5!o(bA&lt;?YDLLn`43&gt;dfl-omakn#&gt;rHWS\\7I.3g@XF%kGL&gt;O\\E,k_`&quot;0ZUT%1^&lt;,5h_9TjKn-;P)1DqXr;57n\'??5FJ&gt;MD!@ub&gt;5d7]\\fO_#8V+h0&amp;;3gZqkcO&quot;fq)u&quot;095(&amp;=BotIJgg&lt;A+8570#L2u~&gt;endstream\nendobj\nxref\n0 17\n0000000000 65535 f \n0000000061 00000 n \n0000000127 00000 n \n0000000234 00000 n \n0000000346 00000 n \n0000000551 00000 n \n0000001443 00000 n \n0000011735 00000 n \n0000011970 00000 n \n0000012764 00000 n \n0000013586 00000 n \n0000022504 00000 n \n0000022738 00000 n \n0000023473 00000 n \n0000023543 00000 n \n0000023824 00000 n \n0000023884 00000 n \ntrailer\n&lt;&lt;\n/ID \n[&lt;830f237e254572d009e7c8856854291c&gt;&lt;830f237e254572d009e7c8856854291c&gt;]\n% ReportLab generated PDF document -- digest (opensource)\n\n/Info 14 0 R\n/Root 13 0 R\n/Size 17\n&gt;&gt;\nstartxref\n25580\n%%EOF\n')">tests/test_iteration10_features.py:232: in test_pdf_has_saudi_timezone
    assert "Saudi Time" in pdf_text or "Saudi" in pdf_text
E   assert ('Saudi Time' in '%PDF-1.4\n%\x93\x8c\x8b\x9e ReportLab Generated PDF document (opensource)\n1 0 obj\n&lt;&lt;\n/F1 2 0 R /F2 3 0 R /F3+0 8 0 R /F4+0 12 0 R\n&gt;&gt;\nendobj\n2 0 obj\n&lt;&lt;\n/BaseFont /Helvetica /Encoding /WinAnsiEncoding /Name /F1 /Subtype /Type1 /Type /Font\n&gt;&gt;\nendobj\n3 0 obj\n&lt;&lt;\n/BaseFont /Helvetica-Bold /Encoding /WinAnsiEncoding /Name /F2 /Subtype /Type1 /Type /Font\n&gt;&gt;\nendobj\n4 0 obj\n&lt;&lt;\n/Contents 16 0 R /MediaBox [ 0 0 595.2756 841.8898 ] /Parent 15 0 R /Resources &lt;&lt;\n/Font 1 0 R /ProcSet [ /PDF /Text /ImageB /ImageC /ImageI ]\n&gt;&gt; /Rotate 0 /Trans &lt;&lt;\n\n&gt;&gt; \n  /Type /Page\n&gt;&gt;\nendobj\n5 0 obj\n&lt;&lt;\n/Filter [ /FlateDecode ] /Length 817\n&gt;&gt;\nstream\nx\x9c\x85Õß\x8aÚ@\x14\x06ð{\x9f"\x97-¥hæü\x8b B4\x11ö¢ÛÒí\x0b¸1»\x15v£D÷bß¾~ó\x85\x16\n¥\x82ò©gf~3\x813óí]s7\x1c¯ÅüÛxê\x1eúkñt\x1c\x0ec\x7f9½\x8d]_&lt;öÏÇaV¦âpì®Ó·üÙ½îÏ³ùmðÃûåÚ¿Þ\rO§ÙjUÌ¿ßþ¼\\Ç÷âC\x9d_\x9fîO×ÓÃ~¸ÔãþñØ}Þ\x9c^\x0e\x1fgó¯ã¡\x1f\x8fÃó\x7fÊ\x1eÞÎç\x97þµ\x1f®Åb¶^\x17\x87þé¶è\x97ýù~ÿÚ\x17ó\x7f\x8fýSùãýÜ\x17)\x7f/¹\x81îtè/ç}×\x8fûá¹\x9f\xad\x16\x8bu±ª\x9aõ¬\x1f\x0e\x7fýWjâ\x98Ç§îç~\x9cj\x17·×ú\x96Ë[ÞµKEN9ïr\x96\x9c7\x82¬9×5²åÜVÈÎ¼E\x8e\x9c\x9b\x1dr\x9534«Å\x92ó\x1brÍyòï\x1bÖ´È[®\x95çlX\x9fsKO\x9e\x7fÇ±Ë[.\x17\\\x17cKú\x1bÔ\x94ô7\x1b...9o,L^jTPiFZ%5`_&gt;KX]U&amp;M\',E=MI*M\'2E=BUt`hR+nJ7`-.LmbVHdm^Nsgu0@tMbD3Y1RaH9qWRDK(o/N!l\\&amp;A!q`Z+YM+S=*T,^RF\';sf\\fkRZ&amp;K/A7(&amp;jtASUO2a0jaBWcNn2RF\'_YnRg4AHKf`^j==]],_UeMd+U8Xi7UiSWS@a-3=&amp;0b)%*Wi7#5Eiq=Xg_b1WJp%F144"C,;1=E+4`oD51u!E*).l5Wg/I&lt;UPG"/TChRKCX^jEtfq(c&gt;&gt;/%a*J:al7V-hdh;*=/u[b,=RDiDW;tW-!(+DjV-TR]Q=]&gt;EeCmcq?XWlX/rG+k+d?Q,mQUo&amp;rAKA1EB1p\'A.]@h&amp;I*PeS]HtU%:\'O.9bJl!V(ZLR46cqZeGQ-`7@Q`Pi=m?4@fQlZH=giYm#c+2Sb8@RX(r:Ek-;6S`aeh]Mg&gt;&lt;K5!o(bA&lt;?YDLLn`43&gt;dfl-omakn#&gt;rHWS\\7I.3g@XF%kGL&gt;O\\E,k_`"0ZUT%1^&lt;,5h_9TjKn-;P)1DqXr;57n\'??5FJ&gt;MD!@ub&gt;5d7]\\fO_#8V+h0&amp;;3gZqkcO"fq)u"095(&amp;=BotIJgg&lt;A+8570#L2u~&gt;endstream\nendobj\nxref\n0 17\n0000000000 65535 f \n0000000061 00000 n \n0000000127 00000 n \n0000000234 00000 n \n0000000346 00000 n \n0000000551 00000 n \n0000001443 00000 n \n0000011735 00000 n \n0000011970 00000 n \n0000012764 00000 n \n0000013586 00000 n \n0000022504 00000 n \n0000022738 00000 n \n0000023473 00000 n \n0000023543 00000 n \n0000023824 00000 n \n0000023884 00000 n \ntrailer\n&lt;&lt;\n/ID \n[&lt;830f237e254572d009e7c8856854291c&gt;&lt;830f237e254572d009e7c8856854291c&gt;]\n% ReportLab generated PDF document -- digest (opensource)\n\n/Info 14 0 R\n/Root 13 0 R\n/Size 17\n&gt;&gt;\nstartxref\n25580\n%%EOF\n' or 'Saudi' in '%PDF-1.4\n%\x93\x8c\x8b\x9e ReportLab Generated PDF document (opensource)\n1 0 obj\n&lt;&lt;\n/F1 2 0 R /F2 3 0 R /F3+0 8 0 R /F4+0 12 0 R\n&gt;&gt;\nendobj\n2 0 obj\n&lt;&lt;\n/BaseFont /Helvetica /Encoding /WinAnsiEncoding /Name /F1 /Subtype /Type1 /Type /Font\n&gt;&gt;\nendobj\n3 0 obj\n&lt;&lt;\n/BaseFont /Helvetica-Bold /Encoding /WinAnsiEncoding /Name /F2 /Subtype /Type1 /Type /Font\n&gt;&gt;\nendobj\n4 0 obj\n&lt;&lt;\n/Contents 16 0 R /MediaBox [ 0 0 595.2756 841.8898 ] /Parent 15 0 R /Resources &lt;&lt;\n/Font 1 0 R /ProcSet [ /PDF /Text /ImageB /ImageC /ImageI ]\n&gt;&gt; /Rotate 0 /Trans &lt;&lt;\n\n&gt;&gt; \n  /Type /Page\n&gt;&gt;\nendobj\n5 0 obj\n&lt;&lt;\n/Filter [ /FlateDecode ] /Length 817\n&gt;&gt;\nstream\nx\x9c\x85Õß\x8aÚ@\x14\x06ð{\x9f"\x97-¥hæü\x8b B4\x11ö¢ÛÒí\x0b¸1»\x15v£D÷bß¾~ó\x85\x16\n¥\x82ò©gf~3\x813óí]s7\x1c¯ÅüÛxê\x1eúkñt\x1c\x0ec\x7f9½\x8d]_&lt;öÏÇaV¦âpì®Ó·üÙ½îÏ³ùmðÃûåÚ¿Þ\rO§ÙjUÌ¿ßþ¼\\Ç÷âC\x9d_\x9fîO×ÓÃ~¸ÔãþñØ}Þ\x9c^\x0e\x1fgó¯ã¡\x1f\x8fÃó\x7fÊ\x1eÞÎç\x97þµ\x1f®Åb¶^\x17\x87þé¶è\x97ýù~ÿÚ\x17ó\x7f\x8fýSùãýÜ\x17)\x7f/¹\x81îtè/ç}×\x8fûá¹\x9f\xad\x16\x8bu±ª\x9aõ¬\x1f\x0e\x7fýWjâ\x98Ç§îç~\x9cj\x17·×ú\x96Ë[ÞµKEN9ïr\x96\x9c7\x82¬9×5²åÜVÈÎ¼E\x8e\x9c\x9b\x1dr\x9534«Å\x92ó\x1brÍyòï\x1bÖ´È[®\x95çlX\x9fsKO\x9e\x7fÇ±Ë[.\x17\\\x17cKú\x1bÔ\x94ô7\x1b...9o,L^jTPiFZ%5`_&gt;KX]U&amp;M\',E=MI*M\'2E=BUt`hR+nJ7`-.LmbVHdm^Nsgu0@tMbD3Y1RaH9qWRDK(o/N!l\\&amp;A!q`Z+YM+S=*T,^RF\';sf\\fkRZ&amp;K/A7(&amp;jtASUO2a0jaBWcNn2RF\'_YnRg4AHKf`^j==]],_UeMd+U8Xi7UiSWS@a-3=&amp;0b)%*Wi7#5Eiq=Xg_b1WJp%F144"C,;1=E+4`oD51u!E*).l5Wg/I&lt;UPG"/TChRKCX^jEtfq(c&gt;&gt;/%a*J:al7V-hdh;*=/u[b,=RDiDW;tW-!(+DjV-TR]Q=]&gt;EeCmcq?XWlX/rG+k+d?Q,mQUo&amp;rAKA1EB1p\'A.]@h&amp;I*PeS]HtU%:\'O.9bJl!V(ZLR46cqZeGQ-`7@Q`Pi=m?4@fQlZH=giYm#c+2Sb8@RX(r:Ek-;6S`aeh]Mg&gt;&lt;K5!o(bA&lt;?YDLLn`43&gt;dfl-omakn#&gt;rHWS\\7I.3g@XF%kGL&gt;O\\E,k_`"0ZUT%1^&lt;,5h_9TjKn-;P)1DqXr;57n\'??5FJ&gt;MD!@ub&gt;5d7]\\fO_#8V+h0&amp;;3gZqkcO"fq)u"095(&amp;=BotIJgg&lt;A+8570#L2u~&gt;endstream\nendobj\nxref\n0 17\n0000000000 65535 f \n0000000061 00000 n \n0000000127 00000 n \n0000000234 00000 n \n0000000346 00000 n \n0000000551 00000 n \n0000001443 00000 n \n0000011735 00000 n \n0000011970 00000 n \n0000012764 00000 n \n0000013586 00000 n \n0000022504 00000 n \n0000022738 00000 n \n0000023473 00000 n \n0000023543 00000 n \n0000023824 00000 n \n0000023884 00000 n \ntrailer\n&lt;&lt;\n/ID \n[&lt;830f237e254572d009e7c8856854291c&gt;&lt;830f237e254572d009e7c8856854291c&gt;]\n% ReportLab generated PDF document -- digest (opensource)\n\n/Info 14 0 R\n/Root 13 0 R\n/Size 17\n&gt;&gt;\nstartxref\n25580\n%%EOF\n')</failure></testcase><testcase classname="tests.test_iteration10_features.TestSaudiTimezone" name="test_transaction_timestamps_format" time="0.099" /><testcase classname="tests.test_iteration10_features.TestSaudiTimezone" name="test_timeline_event_timestamps" time="0.151" /><testcase classname="tests.test_iteration10_features.TestUserSwitcher" name="test_list_users" time="0.160" /><testcase classname="tests.test_iteration10_features.TestUserSwitcher" name="test_switch_to_stas" time="0.099" /><testcase classname="tests.test_iteration10_features.TestUserSwitcher" name="test_switch_to_sultan" time="0.105" /></testsuite></testsuites>