<?xml version="1.0" encoding="utf-8"?><testsuites name="pytest tests"><testsuite name="pytest" errors="0" failures="0" skipped="0" tests="18" time="3.382" timestamp="2026-02-14T14:31:32.389390+00:00" hostname="agent-env-79f2e143-449b-433d-84a9-58f0dda23e94"><testcase classname="backend.tests.test_iteration14_maintenance.TestStorageInfoAPI" name="test_storage_info_returns_total_size_kb" time="0.340" /><testcase classname="backend.tests.test_iteration14_maintenance.TestStorageInfoAPI" name="test_storage_info_returns_transaction_size_kb" time="0.125" /><testcase classname="backend.tests.test_iteration14_maintenance.TestStorageInfoAPI" name="test_storage_info_returns_protected_size_kb" time="0.163" /><testcase classname="backend.tests.test_iteration14_maintenance.TestStorageInfoAPI" name="test_storage_info_categories" time="0.125" /><testcase classname="backend.tests.test_iteration14_maintenance.TestStorageInfoAPI" name="test_storage_info_collections_detail" time="0.129" /><testcase classname="backend.tests.test_iteration14_maintenance.TestStorageInfoAPI" name="test_storage_info_requires_stas_role" time="0.339" /><testcase classname="backend.tests.test_iteration14_maintenance.TestArchivesUploadAPI" name="test_upload_endpoint_exists" time="0.115" /><testcase classname="backend.tests.test_iteration14_maintenance.TestArchivesUploadAPI" name="test_upload_rejects_non_json" time="0.104" /><testcase classname="backend.tests.test_iteration14_maintenance.TestArchivesUploadAPI" name="test_upload_requires_auth" time="0.117" /><testcase classname="backend.tests.test_iteration14_maintenance.TestArchiveCRUD" name="test_list_archives" time="0.112" /><testcase classname="backend.tests.test_iteration14_maintenance.TestArchiveCRUD" name="test_create_archive" time="0.134" /><testcase classname="backend.tests.test_iteration14_maintenance.TestArchiveCRUD" name="test_download_archive" time="0.386" /><testcase classname="backend.tests.test_iteration14_maintenance.TestMaintenanceLogs" name="test_get_logs" time="0.114" /><testcase classname="backend.tests.test_iteration14_maintenance.TestCollectionsInfo" name="test_get_collections_info" time="0.297" /><testcase classname="backend.tests.test_iteration14_maintenance.TestDateFormatEndpoints" name="test_transactions_have_created_at" time="0.121" /><testcase classname="backend.tests.test_iteration14_maintenance.TestDateFormatEndpoints" name="test_archives_have_created_at" time="0.367" /><testcase classname="backend.tests.test_iteration14_maintenance.TestDateFormatEndpoints" name="test_maintenance_logs_have_timestamp" time="0.111" /><testcase classname="backend.tests.test_iteration14_maintenance.TestDateFormatEndpoints" name="test_holidays_have_date_field" time="0.127" /></testsuite></testsuites>