<?xml version="1.0" encoding="utf-8"?><testsuites name="pytest tests"><testsuite name="pytest" errors="0" failures="0" skipped="0" tests="11" time="2.919" timestamp="2026-02-17T12:03:14.266161+00:00" hostname="agent-env-0679d7e7-3dfc-40ba-9306-c7f3b64338b3"><testcase classname="backend.tests.test_iteration23_features.TestUsersAPI" name="test_list_users" time="0.554" /><testcase classname="backend.tests.test_iteration23_features.TestUsersAPI" name="test_get_user_by_employee_id_existing" time="0.361" /><testcase classname="backend.tests.test_iteration23_features.TestUsersAPI" name="test_get_user_by_employee_id_nonexistent" time="0.157" /><testcase classname="backend.tests.test_iteration23_features.TestCredentialsManagement" name="test_update_credentials_nonexistent_user" time="0.184" /><testcase classname="backend.tests.test_iteration23_features.TestCredentialsManagement" name="test_update_credentials_existing_user" time="0.506" /><testcase classname="backend.tests.test_iteration23_features.TestCredentialsManagement" name="test_update_credentials_short_password" time="0.300" /><testcase classname="backend.tests.test_iteration23_features.TestDeleteEmployee" name="test_delete_nonexistent_employee" time="0.104" /><testcase classname="backend.tests.test_iteration23_features.TestDeleteEmployee" name="test_delete_employee_with_active_contract" time="0.237" /><testcase classname="backend.tests.test_iteration23_features.TestEmployeesAPI" name="test_list_employees" time="0.112" /><testcase classname="backend.tests.test_iteration23_features.TestEmployeesAPI" name="test_get_single_employee" time="0.148" /><testcase classname="backend.tests.test_iteration23_features.TestWorkLocationsAPI" name="test_list_work_locations" time="0.144" /></testsuite></testsuites>