<?xml version="1.0" encoding="utf-8"?><testsuites name="pytest tests"><testsuite name="pytest" errors="0" failures="0" skipped="0" tests="13" time="7.695" timestamp="2026-02-19T16:25:01.219240+00:00" hostname="agent-env-4075a239-ce9c-40aa-80ea-2c39ba4f9108"><testcase classname="backend.tests.test_iteration34_attendance.TestAttendanceAuth" name="test_login_sultan" time="0.556" /><testcase classname="backend.tests.test_iteration34_attendance.TestAttendanceToday" name="test_get_today_attendance" time="1.034" /><testcase classname="backend.tests.test_iteration34_attendance.TestAssignedLocations" name="test_get_assigned_locations" time="1.033" /><testcase classname="backend.tests.test_iteration34_attendance.TestAttendanceRequest" name="test_create_forget_checkin_request" time="0.913" /><testcase classname="backend.tests.test_iteration34_attendance.TestAttendanceRequest" name="test_create_field_work_request" time="0.153" /><testcase classname="backend.tests.test_iteration34_attendance.TestAttendanceRequest" name="test_create_early_leave_request" time="0.149" /><testcase classname="backend.tests.test_iteration34_attendance.TestAttendanceRequest" name="test_create_late_excuse_request" time="0.133" /><testcase classname="backend.tests.test_iteration34_attendance.TestAttendanceRequest" name="test_invalid_request_type" time="0.222" /><testcase classname="backend.tests.test_iteration34_attendance.TestAttendanceCheckIn" name="test_check_in_without_gps" time="1.009" /><testcase classname="backend.tests.test_iteration34_attendance.TestAttendanceCheckIn" name="test_check_in_with_gps" time="0.372" /><testcase classname="backend.tests.test_iteration34_attendance.TestAdminAttendance" name="test_admin_attendance_endpoint" time="0.840" /><testcase classname="backend.tests.test_iteration34_attendance.TestAdminAttendance" name="test_admin_all_endpoint_should_not_exist" time="0.139" /><testcase classname="backend.tests.test_iteration34_attendance.TestAttendanceRequests" name="test_get_attendance_requests" time="0.981" /></testsuite></testsuites>