<?xml version="1.0" encoding="utf-8"?><testsuites name="pytest tests"><testsuite name="pytest" errors="0" failures="1" skipped="0" tests="16" time="2.908" timestamp="2026-02-13T19:09:15.339396+00:00" hostname="agent-env-c7b84a4f-c41e-43c8-b66d-8a17674f48cf"><testcase classname="backend.tests.test_iteration4_features.TestHealthCheck" name="test_api_health" time="0.276" /><testcase classname="backend.tests.test_iteration4_features.TestStatusValues" name="test_transaction_status_values_valid" time="0.198" /><testcase classname="backend.tests.test_iteration4_features.TestWorkLocationsAPI" name="test_list_work_locations_unauthenticated_fails" time="0.070"><failure message="assert (403 == 401 or 403 == 422)&#10; +  where 403 = &lt;Response [403]&gt;.status_code&#10; +  and   403 = &lt;Response [403]&gt;.status_code">backend/tests/test_iteration4_features.py:106: in test_list_work_locations_unauthenticated_fails
    assert response.status_code == 401 or response.status_code == 422
E   assert (403 == 401 or 403 == 422)
E    +  where 403 = &lt;Response [403]&gt;.status_code
E    +  and   403 = &lt;Response [403]&gt;.status_code</failure></testcase><testcase classname="backend.tests.test_iteration4_features.TestWorkLocationsAPI" name="test_list_work_locations_as_stas" time="0.137" /><testcase classname="backend.tests.test_iteration4_features.TestWorkLocationsAPI" name="test_list_work_locations_as_sultan" time="0.113" /><testcase classname="backend.tests.test_iteration4_features.TestWorkLocationsAPI" name="test_list_work_locations_as_naif" time="0.124" /><testcase classname="backend.tests.test_iteration4_features.TestWorkLocationsAPI" name="test_list_work_locations_as_employee" time="0.117" /><testcase classname="backend.tests.test_iteration4_features.TestWorkLocationsAPI" name="test_create_work_location_as_stas" time="0.116" /><testcase classname="backend.tests.test_iteration4_features.TestWorkLocationsAPI" name="test_create_work_location_as_sultan" time="0.147" /><testcase classname="backend.tests.test_iteration4_features.TestWorkLocationsAPI" name="test_create_work_location_as_employee_fails" time="0.115" /><testcase classname="backend.tests.test_iteration4_features.TestWorkLocationsAPI" name="test_update_work_location_as_stas" time="0.252" /><testcase classname="backend.tests.test_iteration4_features.TestWorkLocationsAPI" name="test_delete_work_location_as_stas" time="0.307" /><testcase classname="backend.tests.test_iteration4_features.TestWorkLocationsAPI" name="test_get_single_work_location" time="0.201" /><testcase classname="backend.tests.test_iteration4_features.TestWorkLocationDataStructure" name="test_work_location_has_required_fields" time="0.110" /><testcase classname="backend.tests.test_iteration4_features.TestWorkLocationDataStructure" name="test_work_days_structure" time="0.124" /><testcase classname="backend.tests.test_iteration4_features.TestCleanupTestData" name="test_cleanup_test_locations" time="0.406" /></testsuite></testsuites>