<?xml version="1.0" encoding="utf-8"?><testsuites name="pytest tests"><testsuite name="pytest" errors="0" failures="2" skipped="0" tests="16" time="3.168" timestamp="2026-02-23T13:12:23.142290+00:00" hostname="agent-env-4dfab38a-5eae-4d86-8d8e-07493f24f73d"><testcase classname="backend.tests.test_iteration44_pdf_arabic_names.TestAuthentication" name="test_sultan_login_with_arabic_name" time="0.459" /><testcase classname="backend.tests.test_iteration44_pdf_arabic_names.TestAuthentication" name="test_stas_login" time="0.276" /><testcase classname="backend.tests.test_iteration44_pdf_arabic_names.TestTransactionData" name="test_transaction_exists" time="0.329" /><testcase classname="backend.tests.test_iteration44_pdf_arabic_names.TestTransactionData" name="test_approval_chain_has_sultan_ops" time="0.048" /><testcase classname="backend.tests.test_iteration44_pdf_arabic_names.TestPDFDownload" name="test_pdf_download_success" time="0.175" /><testcase classname="backend.tests.test_iteration44_pdf_arabic_names.TestPDFDownload" name="test_pdf_has_integrity_headers" time="0.156" /><testcase classname="backend.tests.test_iteration44_pdf_arabic_names.TestPDFContent" name="test_pdf_contains_admin_manager_role" time="0.266"><failure message="AssertionError: PDF should contain 'المدير الإداري' (Admin Manager) role&#10;assert ('المدير الإداري' in 'ﺷﺮﻛﺔ ﺩﺍﺭ ﺍﻟﻜﻮﺩ ﻟﻼﺳﺘﺸﺎﺭﺍﺕ ﺍﻟﻬﻨﺪﺳﻴﺔ\nDAR AL CODE ENGINEERING CONSULTANCY\n ﺍﻟﻤﻤﻠﻜﺔ ﺍﻟﻌﺮﺑﻴﺔ ﺍﻟﺴﻌﻮﺩﻳﺔ\n 5110004935\n ﻃﻠﺐ ﺇﺟﺎﺯﺓ\nLeave Request\n \x00\x00\x00-2026-0005 \x00 \x00\x00\x00-20260005-881\x009\x000\x00\n ﺍﻟﺤﺎﻟﺔ\n ﺍﻟﺘﺎﺭﻳﺦ\n ﺍﻟﻤﻮﻇﻒ\n ﺍﻟﻤﻌﺮﻑ\n ﻣﻨﻔﺬﺓ\n 2026.02.23\n ﻣﺤﻤﺪ ﻓﻮﺯﻱ ﻋﺒﺪﺍﻟﻤﺠﻴﺪ ﻋﻴﺴﻰ\n 20260005\n Executed\n 12:16\n Mohammed Fawzi Abdelmageed Issa\n -881A9C0C\n ﺍﻟﻨﻮﻉ\n ﻣﻦ\n ﺇﻟﻰ\n ﺍﻷﻳﺎﻡ\n ﺳﻨﻮﻳﺔ\n 2026-02-24\n 2026-02-25\n 2\n Annual\n From\n To\n Days\n \x00\x00\x00\x00\x00\x00\x00\x00\x00\x00 \x00 ﺍﻟﺘﻮﻗﻴﻌﺎﺕ\n \x00\x00\x00\x00\x00\x00\x00\x00 ﺍﻟﻤﻮﻇﻒ\n \x00\x00\x00\x00\x00\x00\x00 \x00\x00\x00\x00\x00 ﺍﻟﻤﺪﻳﺮ ﺍﻹﺩﺍﺭﻱ\n \x00\x00\x00\x00 \x00\x00\x00\x00\n ﻣﺤﻤﺪ ﻓﻮﺯﻱ ﻋﺒﺪﺍﻟﻤﺠﻴﺪ ﻋﻴﺴﻰ\nMohammed Fawzi Abdelmageed Issa\n ﺃ.ﺳﻠﻄﺎﻥ ﺍﻟﺰﺍﻣﻞ\nMr.Sultan Al Zamil\n STAS\n 2026.02.23\n 2026.02.23\n 2026.02.23\n \x00\x00\x00\x00\x00\x00\x00\x00\x00\x00\x00\x00 \x00 ﺭﻣﺰ ﺍﻟﺘﺤﻘﻖ\nDAR-20260005-881A9C0C\n \x00 \x00 \x00 \x00 \x00 \x00 \x00 \x00 \x00 ﻗﺺ ﻫﻨﺎ\n ﺷﺮﻛﺔ ﺩﺍﺭ ﺍﻟﻜﻮﺩ ﻟﻼﺳﺘﺸﺎﺭﺍﺕ ﺍﻟﻬﻨﺪﺳﻴﺔ\n 2026-0005\n \x00\x00\x00\x00 \x00\x00\x00\x00\x00\x00\x00\x00\x00\x00\x00 \x00\x00\x00\x00\x00 \x00\x00\x00\x00\x00\x00\x00\x00 \x00 ﻣﺤﻤﺪ ﻓﻮﺯﻱ ﻋﺒﺪﺍﻟﻤﺠﻴﺪ ﻋﻴﺴﻰ\n \x00\x00\x00\x00\x00 \x00 ﺻﺎﻟﺤﺔ\n' or 'الإداري' in 'ﺷﺮﻛﺔ ﺩﺍﺭ ﺍﻟﻜﻮﺩ ﻟﻼﺳﺘﺸﺎﺭﺍﺕ ﺍﻟﻬﻨﺪﺳﻴﺔ\nDAR AL CODE ENGINEERING CONSULTANCY\n ﺍﻟﻤﻤﻠﻜﺔ ﺍﻟﻌﺮﺑﻴﺔ ﺍﻟﺴﻌﻮﺩﻳﺔ\n 5110004935\n ﻃﻠﺐ ﺇﺟﺎﺯﺓ\nLeave Request\n \x00\x00\x00-2026-0005 \x00 \x00\x00\x00-20260005-881\x009\x000\x00\n ﺍﻟﺤﺎﻟﺔ\n ﺍﻟﺘﺎﺭﻳﺦ\n ﺍﻟﻤﻮﻇﻒ\n ﺍﻟﻤﻌﺮﻑ\n ﻣﻨﻔﺬﺓ\n 2026.02.23\n ﻣﺤﻤﺪ ﻓﻮﺯﻱ ﻋﺒﺪﺍﻟﻤﺠﻴﺪ ﻋﻴﺴﻰ\n 20260005\n Executed\n 12:16\n Mohammed Fawzi Abdelmageed Issa\n -881A9C0C\n ﺍﻟﻨﻮﻉ\n ﻣﻦ\n ﺇﻟﻰ\n ﺍﻷﻳﺎﻡ\n ﺳﻨﻮﻳﺔ\n 2026-02-24\n 2026-02-25\n 2\n Annual\n From\n To\n Days\n \x00\x00\x00\x00\x00\x00\x00\x00\x00\x00 \x00 ﺍﻟﺘﻮﻗﻴﻌﺎﺕ\n \x00\x00\x00\x00\x00\x00\x00\x00 ﺍﻟﻤﻮﻇﻒ\n \x00\x00\x00\x00\x00\x00\x00 \x00\x00\x00\x00\x00 ﺍﻟﻤﺪﻳﺮ ﺍﻹﺩﺍﺭﻱ\n \x00\x00\x00\x00 \x00\x00\x00\x00\n ﻣﺤﻤﺪ ﻓﻮﺯﻱ ﻋﺒﺪﺍﻟﻤﺠﻴﺪ ﻋﻴﺴﻰ\nMohammed Fawzi Abdelmageed Issa\n ﺃ.ﺳﻠﻄﺎﻥ ﺍﻟﺰﺍﻣﻞ\nMr.Sultan Al Zamil\n STAS\n 2026.02.23\n 2026.02.23\n 2026.02.23\n \x00\x00\x00\x00\x00\x00\x00\x00\x00\x00\x00\x00 \x00 ﺭﻣﺰ ﺍﻟﺘﺤﻘﻖ\nDAR-20260005-881A9C0C\n \x00 \x00 \x00 \x00 \x00 \x00 \x00 \x00 \x00 ﻗﺺ ﻫﻨﺎ\n ﺷﺮﻛﺔ ﺩﺍﺭ ﺍﻟﻜﻮﺩ ﻟﻼﺳﺘﺸﺎﺭﺍﺕ ﺍﻟﻬﻨﺪﺳﻴﺔ\n 2026-0005\n \x00\x00\x00\x00 \x00\x00\x00\x00\x00\x00\x00\x00\x00\x00\x00 \x00\x00\x00\x00\x00 \x00\x00\x00\x00\x00\x00\x00\x00 \x00 ﻣﺤﻤﺪ ﻓﻮﺯﻱ ﻋﺒﺪﺍﻟﻤﺠﻴﺪ ﻋﻴﺴﻰ\n \x00\x00\x00\x00\x00 \x00 ﺻﺎﻟﺤﺔ\n')">backend/tests/test_iteration44_pdf_arabic_names.py:175: in test_pdf_contains_admin_manager_role
    assert "المدير الإداري" in all_text or "الإداري" in all_text, \
E   AssertionError: PDF should contain 'المدير الإداري' (Admin Manager) role
E   assert ('المدير الإداري' in 'ﺷﺮﻛﺔ ﺩﺍﺭ ﺍﻟﻜﻮﺩ ﻟﻼﺳﺘﺸﺎﺭﺍﺕ ﺍﻟﻬﻨﺪﺳﻴﺔ\nDAR AL CODE ENGINEERING CONSULTANCY\n ﺍﻟﻤﻤﻠﻜﺔ ﺍﻟﻌﺮﺑﻴﺔ ﺍﻟﺴﻌﻮﺩﻳﺔ\n 5110004935\n ﻃﻠﺐ ﺇﺟﺎﺯﺓ\nLeave Request\n \x00\x00\x00-2026-0005 \x00 \x00\x00\x00-20260005-881\x009\x000\x00\n ﺍﻟﺤﺎﻟﺔ\n ﺍﻟﺘﺎﺭﻳﺦ\n ﺍﻟﻤﻮﻇﻒ\n ﺍﻟﻤﻌﺮﻑ\n ﻣﻨﻔﺬﺓ\n 2026.02.23\n ﻣﺤﻤﺪ ﻓﻮﺯﻱ ﻋﺒﺪﺍﻟﻤﺠﻴﺪ ﻋﻴﺴﻰ\n 20260005\n Executed\n 12:16\n Mohammed Fawzi Abdelmageed Issa\n -881A9C0C\n ﺍﻟﻨﻮﻉ\n ﻣﻦ\n ﺇﻟﻰ\n ﺍﻷﻳﺎﻡ\n ﺳﻨﻮﻳﺔ\n 2026-02-24\n 2026-02-25\n 2\n Annual\n From\n To\n Days\n \x00\x00\x00\x00\x00\x00\x00\x00\x00\x00 \x00 ﺍﻟﺘﻮﻗﻴﻌﺎﺕ\n \x00\x00\x00\x00\x00\x00\x00\x00 ﺍﻟﻤﻮﻇﻒ\n \x00\x00\x00\x00\x00\x00\x00 \x00\x00\x00\x00\x00 ﺍﻟﻤﺪﻳﺮ ﺍﻹﺩﺍﺭﻱ\n \x00\x00\x00\x00 \x00\x00\x00\x00\n ﻣﺤﻤﺪ ﻓﻮﺯﻱ ﻋﺒﺪﺍﻟﻤﺠﻴﺪ ﻋﻴﺴﻰ\nMohammed Fawzi Abdelmageed Issa\n ﺃ.ﺳﻠﻄﺎﻥ ﺍﻟﺰﺍﻣﻞ\nMr.Sultan Al Zamil\n STAS\n 2026.02.23\n 2026.02.23\n 2026.02.23\n \x00\x00\x00\x00\x00\x00\x00\x00\x00\x00\x00\x00 \x00 ﺭﻣﺰ ﺍﻟﺘﺤﻘﻖ\nDAR-20260005-881A9C0C\n \x00 \x00 \x00 \x00 \x00 \x00 \x00 \x00 \x00 ﻗﺺ ﻫﻨﺎ\n ﺷﺮﻛﺔ ﺩﺍﺭ ﺍﻟﻜﻮﺩ ﻟﻼﺳﺘﺸﺎﺭﺍﺕ ﺍﻟﻬﻨﺪﺳﻴﺔ\n 2026-0005\n \x00\x00\x00\x00 \x00\x00\x00\x00\x00\x00\x00\x00\x00\x00\x00 \x00\x00\x00\x00\x00 \x00\x00\x00\x00\x00\x00\x00\x00 \x00 ﻣﺤﻤﺪ ﻓﻮﺯﻱ ﻋﺒﺪﺍﻟﻤﺠﻴﺪ ﻋﻴﺴﻰ\n \x00\x00\x00\x00\x00 \x00 ﺻﺎﻟﺤﺔ\n' or 'الإداري' in 'ﺷﺮﻛﺔ ﺩﺍﺭ ﺍﻟﻜﻮﺩ ﻟﻼﺳﺘﺸﺎﺭﺍﺕ ﺍﻟﻬﻨﺪﺳﻴﺔ\nDAR AL CODE ENGINEERING CONSULTANCY\n ﺍﻟﻤﻤﻠﻜﺔ ﺍﻟﻌﺮﺑﻴﺔ ﺍﻟﺴﻌﻮﺩﻳﺔ\n 5110004935\n ﻃﻠﺐ ﺇﺟﺎﺯﺓ\nLeave Request\n \x00\x00\x00-2026-0005 \x00 \x00\x00\x00-20260005-881\x009\x000\x00\n ﺍﻟﺤﺎﻟﺔ\n ﺍﻟﺘﺎﺭﻳﺦ\n ﺍﻟﻤﻮﻇﻒ\n ﺍﻟﻤﻌﺮﻑ\n ﻣﻨﻔﺬﺓ\n 2026.02.23\n ﻣﺤﻤﺪ ﻓﻮﺯﻱ ﻋﺒﺪﺍﻟﻤﺠﻴﺪ ﻋﻴﺴﻰ\n 20260005\n Executed\n 12:16\n Mohammed Fawzi Abdelmageed Issa\n -881A9C0C\n ﺍﻟﻨﻮﻉ\n ﻣﻦ\n ﺇﻟﻰ\n ﺍﻷﻳﺎﻡ\n ﺳﻨﻮﻳﺔ\n 2026-02-24\n 2026-02-25\n 2\n Annual\n From\n To\n Days\n \x00\x00\x00\x00\x00\x00\x00\x00\x00\x00 \x00 ﺍﻟﺘﻮﻗﻴﻌﺎﺕ\n \x00\x00\x00\x00\x00\x00\x00\x00 ﺍﻟﻤﻮﻇﻒ\n \x00\x00\x00\x00\x00\x00\x00 \x00\x00\x00\x00\x00 ﺍﻟﻤﺪﻳﺮ ﺍﻹﺩﺍﺭﻱ\n \x00\x00\x00\x00 \x00\x00\x00\x00\n ﻣﺤﻤﺪ ﻓﻮﺯﻱ ﻋﺒﺪﺍﻟﻤﺠﻴﺪ ﻋﻴﺴﻰ\nMohammed Fawzi Abdelmageed Issa\n ﺃ.ﺳﻠﻄﺎﻥ ﺍﻟﺰﺍﻣﻞ\nMr.Sultan Al Zamil\n STAS\n 2026.02.23\n 2026.02.23\n 2026.02.23\n \x00\x00\x00\x00\x00\x00\x00\x00\x00\x00\x00\x00 \x00 ﺭﻣﺰ ﺍﻟﺘﺤﻘﻖ\nDAR-20260005-881A9C0C\n \x00 \x00 \x00 \x00 \x00 \x00 \x00 \x00 \x00 ﻗﺺ ﻫﻨﺎ\n ﺷﺮﻛﺔ ﺩﺍﺭ ﺍﻟﻜﻮﺩ ﻟﻼﺳﺘﺸﺎﺭﺍﺕ ﺍﻟﻬﻨﺪﺳﻴﺔ\n 2026-0005\n \x00\x00\x00\x00 \x00\x00\x00\x00\x00\x00\x00\x00\x00\x00\x00 \x00\x00\x00\x00\x00 \x00\x00\x00\x00\x00\x00\x00\x00 \x00 ﻣﺤﻤﺪ ﻓﻮﺯﻱ ﻋﺒﺪﺍﻟﻤﺠﻴﺪ ﻋﻴﺴﻰ\n \x00\x00\x00\x00\x00 \x00 ﺻﺎﻟﺤﺔ\n')</failure></testcase><testcase classname="backend.tests.test_iteration44_pdf_arabic_names.TestPDFContent" name="test_pdf_contains_sultan_arabic_name" time="0.164"><failure message="AssertionError: PDF should contain Sultan's Arabic name 'سلطان الزامل'&#10;assert False">backend/tests/test_iteration44_pdf_arabic_names.py:206: in test_pdf_contains_sultan_arabic_name
    assert has_sultan_ar, "PDF should contain Sultan's Arabic name 'سلطان الزامل'"
E   AssertionError: PDF should contain Sultan's Arabic name 'سلطان الزامل'
E   assert False</failure></testcase><testcase classname="backend.tests.test_iteration44_pdf_arabic_names.TestPDFContent" name="test_pdf_contains_sultan_english_name" time="0.173" /><testcase classname="backend.tests.test_iteration44_pdf_arabic_names.TestPDFContent" name="test_pdf_contains_stas" time="0.159" /><testcase classname="backend.tests.test_iteration44_pdf_arabic_names.TestPDFContent" name="test_pdf_contains_transaction_details" time="0.168" /><testcase classname="backend.tests.test_iteration44_pdf_arabic_names.TestPublicHolidays" name="test_get_holidays_list" time="0.338" /><testcase classname="backend.tests.test_iteration44_pdf_arabic_names.TestPublicHolidays" name="test_holidays_have_date_fields" time="0.053" /><testcase classname="backend.tests.test_iteration44_pdf_arabic_names.TestRoleDefinitions" name="test_ops_role_is_admin_manager" time="0.000" /><testcase classname="backend.tests.test_iteration44_pdf_arabic_names.TestRoleDefinitions" name="test_hr_role_is_admin_manager" time="0.000" /><testcase classname="backend.tests.test_iteration44_pdf_arabic_names.TestApprovalChainEnrichment" name="test_pdf_endpoint_enriches_approval_chain" time="0.206" /></testsuite></testsuites>