<?xml version="1.0" encoding="utf-8"?><testsuites name="pytest tests"><testsuite name="pytest" errors="0" failures="10" skipped="0" tests="12" time="6.082" timestamp="2026-02-17T21:19:24.716146+00:00" hostname="agent-env-d96c69f5-e2dc-4ce1-a626-09e3c720e91b"><testcase classname="backend.tests.test_iteration27_notifications.TestExpiringContracts" name="test_expiring_contracts_endpoint_exists" time="0.790"><failure message="AssertionError: Expected 200, got 401: {&quot;detail&quot;:&quot;Invalid or expired token&quot;}&#10;assert 401 == 200&#10; +  where 401 = &lt;Response [401]&gt;.status_code">backend/tests/test_iteration27_notifications.py:47: in test_expiring_contracts_endpoint_exists
    assert response.status_code == 200, f"Expected 200, got {response.status_code}: {response.text}"
E   AssertionError: Expected 200, got 401: {"detail":"Invalid or expired token"}
E   assert 401 == 200
E    +  where 401 = &lt;Response [401]&gt;.status_code</failure></testcase><testcase classname="backend.tests.test_iteration27_notifications.TestExpiringContracts" name="test_expiring_contracts_employee_structure" time="0.574"><failure message="assert 401 == 200&#10; +  where 401 = &lt;Response [401]&gt;.status_code">backend/tests/test_iteration27_notifications.py:71: in test_expiring_contracts_employee_structure
    assert response.status_code == 200
E   assert 401 == 200
E    +  where 401 = &lt;Response [401]&gt;.status_code</failure></testcase><testcase classname="backend.tests.test_iteration27_notifications.TestExpiringContracts" name="test_expiring_contracts_requires_auth" time="0.128" /><testcase classname="backend.tests.test_iteration27_notifications.TestHeaderAlerts" name="test_header_alerts_endpoint_exists" time="0.515"><failure message="AssertionError: Expected 200, got 401&#10;assert 401 == 200&#10; +  where 401 = &lt;Response [401]&gt;.status_code">backend/tests/test_iteration27_notifications.py:107: in test_header_alerts_endpoint_exists
    assert response.status_code == 200, f"Expected 200, got {response.status_code}"
E   AssertionError: Expected 200, got 401
E   assert 401 == 200
E    +  where 401 = &lt;Response [401]&gt;.status_code</failure></testcase><testcase classname="backend.tests.test_iteration27_notifications.TestHeaderAlerts" name="test_header_alerts_structure" time="0.475"><failure message="assert 401 == 200&#10; +  where 401 = &lt;Response [401]&gt;.status_code">backend/tests/test_iteration27_notifications.py:125: in test_header_alerts_structure
    assert response.status_code == 200
E   assert 401 == 200
E    +  where 401 = &lt;Response [401]&gt;.status_code</failure></testcase><testcase classname="backend.tests.test_iteration27_notifications.TestLeaveCarryover" name="test_leave_carryover_endpoint_exists" time="0.539"><failure message="assert 401 == 200&#10; +  where 401 = &lt;Response [401]&gt;.status_code">backend/tests/test_iteration27_notifications.py:148: in test_leave_carryover_endpoint_exists
    assert emp_response.status_code == 200
E   assert 401 == 200
E    +  where 401 = &lt;Response [401]&gt;.status_code</failure></testcase><testcase classname="backend.tests.test_iteration27_notifications.TestLeaveCarryover" name="test_leave_carryover_requires_auth" time="0.177" /><testcase classname="backend.tests.test_iteration27_notifications.TestEmployeeCard" name="test_employee_summary_endpoint" time="0.589"><failure message="assert 401 == 200&#10; +  where 401 = &lt;Response [401]&gt;.status_code">backend/tests/test_iteration27_notifications.py:188: in test_employee_summary_endpoint
    assert emp_response.status_code == 200
E   assert 401 == 200
E    +  where 401 = &lt;Response [401]&gt;.status_code</failure></testcase><testcase classname="backend.tests.test_iteration27_notifications.TestEmployeeCard" name="test_employee_profile_endpoint" time="0.484"><failure message="assert 401 == 200&#10; +  where 401 = &lt;Response [401]&gt;.status_code">backend/tests/test_iteration27_notifications.py:218: in test_employee_profile_endpoint
    assert emp_response.status_code == 200
E   assert 401 == 200
E    +  where 401 = &lt;Response [401]&gt;.status_code</failure></testcase><testcase classname="backend.tests.test_iteration27_notifications.TestEmployeeCard" name="test_employees_list_with_expiry_data" time="0.528"><failure message="assert 401 == 200&#10; +  where 401 = &lt;Response [401]&gt;.status_code">backend/tests/test_iteration27_notifications.py:247: in test_employees_list_with_expiry_data
    assert response.status_code == 200
E   assert 401 == 200
E    +  where 401 = &lt;Response [401]&gt;.status_code</failure></testcase><testcase classname="backend.tests.test_iteration27_notifications.TestIntegration" name="test_full_notification_flow" time="0.506"><failure message="assert 401 == 200&#10; +  where 401 = &lt;Response [401]&gt;.status_code">backend/tests/test_iteration27_notifications.py:273: in test_full_notification_flow
    assert alerts_response.status_code == 200
E   assert 401 == 200
E    +  where 401 = &lt;Response [401]&gt;.status_code</failure></testcase><testcase classname="backend.tests.test_iteration27_notifications.TestIntegration" name="test_employee_card_preview_data" time="0.638"><failure message="assert 401 == 200&#10; +  where 401 = &lt;Response [401]&gt;.status_code">backend/tests/test_iteration27_notifications.py:296: in test_employee_card_preview_data
    assert emp_response.status_code == 200
E   assert 401 == 200
E    +  where 401 = &lt;Response [401]&gt;.status_code</failure></testcase></testsuite></testsuites>