<?xml version="1.0" encoding="utf-8"?><testsuites name="pytest tests"><testsuite name="pytest" errors="0" failures="0" skipped="0" tests="17" time="2.546" timestamp="2026-02-14T09:47:47.922168+00:00" hostname="agent-env-409a7f63-e14b-4eb8-87b7-d344e61b3a06"><testcase classname="tests.test_iteration10_features.TestHealthCheck" name="test_health_endpoint" time="0.125" /><testcase classname="tests.test_iteration10_features.TestCompanyBrandingAPI" name="test_get_branding_unauthorized" time="0.117" /><testcase classname="tests.test_iteration10_features.TestCompanyBrandingAPI" name="test_get_branding_stas" time="0.299" /><testcase classname="tests.test_iteration10_features.TestCompanyBrandingAPI" name="test_update_branding_stas" time="0.102" /><testcase classname="tests.test_iteration10_features.TestCompanyBrandingAPI" name="test_update_branding_sultan_forbidden" time="0.268" /><testcase classname="tests.test_iteration10_features.TestTransactionsAPI" name="test_get_transactions_unauthorized" time="0.106" /><testcase classname="tests.test_iteration10_features.TestTransactionsAPI" name="test_get_transactions_list" time="0.098" /><testcase classname="tests.test_iteration10_features.TestTransactionsAPI" name="test_get_transaction_detail" time="0.154" /><testcase classname="tests.test_iteration10_features.TestTransactionsAPI" name="test_transaction_filter_by_status" time="0.110" /><testcase classname="tests.test_iteration10_features.TestTransactionsAPI" name="test_transaction_filter_by_type" time="0.099" /><testcase classname="tests.test_iteration10_features.TestPDFGeneration" name="test_get_pdf" time="0.197" /><testcase classname="tests.test_iteration10_features.TestPDFGeneration" name="test_pdf_generation_valid" time="0.193" /><testcase classname="tests.test_iteration10_features.TestSaudiTimezone" name="test_transaction_timestamps_format" time="0.100" /><testcase classname="tests.test_iteration10_features.TestSaudiTimezone" name="test_timeline_event_timestamps" time="0.147" /><testcase classname="tests.test_iteration10_features.TestUserSwitcher" name="test_list_users" time="0.096" /><testcase classname="tests.test_iteration10_features.TestUserSwitcher" name="test_switch_to_stas" time="0.117" /><testcase classname="tests.test_iteration10_features.TestUserSwitcher" name="test_switch_to_sultan" time="0.127" /></testsuite></testsuites>