<?xml version="1.0" encoding="utf-8"?><testsuites name="pytest tests"><testsuite name="pytest" errors="0" failures="0" skipped="0" tests="16" time="3.624" timestamp="2026-02-13T19:11:22.582326+00:00" hostname="agent-env-c7b84a4f-c41e-43c8-b66d-8a17674f48cf"><testcase classname="backend.tests.test_iteration4_features.TestHealthCheck" name="test_api_health" time="0.190" /><testcase classname="backend.tests.test_iteration4_features.TestStatusValues" name="test_transaction_status_values_valid" time="0.235" /><testcase classname="backend.tests.test_iteration4_features.TestWorkLocationsAPI" name="test_list_work_locations_unauthenticated_fails" time="0.145" /><testcase classname="backend.tests.test_iteration4_features.TestWorkLocationsAPI" name="test_list_work_locations_as_stas" time="0.146" /><testcase classname="backend.tests.test_iteration4_features.TestWorkLocationsAPI" name="test_list_work_locations_as_sultan" time="0.131" /><testcase classname="backend.tests.test_iteration4_features.TestWorkLocationsAPI" name="test_list_work_locations_as_naif" time="0.170" /><testcase classname="backend.tests.test_iteration4_features.TestWorkLocationsAPI" name="test_list_work_locations_as_employee" time="0.153" /><testcase classname="backend.tests.test_iteration4_features.TestWorkLocationsAPI" name="test_create_work_location_as_stas" time="0.143" /><testcase classname="backend.tests.test_iteration4_features.TestWorkLocationsAPI" name="test_create_work_location_as_sultan" time="0.130" /><testcase classname="backend.tests.test_iteration4_features.TestWorkLocationsAPI" name="test_create_work_location_as_employee_fails" time="0.134" /><testcase classname="backend.tests.test_iteration4_features.TestWorkLocationsAPI" name="test_update_work_location_as_stas" time="0.216" /><testcase classname="backend.tests.test_iteration4_features.TestWorkLocationsAPI" name="test_delete_work_location_as_stas" time="0.404" /><testcase classname="backend.tests.test_iteration4_features.TestWorkLocationsAPI" name="test_get_single_work_location" time="0.245" /><testcase classname="backend.tests.test_iteration4_features.TestWorkLocationDataStructure" name="test_work_location_has_required_fields" time="0.193" /><testcase classname="backend.tests.test_iteration4_features.TestWorkLocationDataStructure" name="test_work_days_structure" time="0.162" /><testcase classname="backend.tests.test_iteration4_features.TestCleanupTestData" name="test_cleanup_test_locations" time="0.754" /></testsuite></testsuites>