<?xml version="1.0" encoding="utf-8"?><testsuites name="pytest tests"><testsuite name="pytest" errors="0" failures="0" skipped="0" tests="13" time="5.812" timestamp="2026-02-19T01:31:54.088006+00:00" hostname="agent-env-172ca7f4-ef0c-444d-bdd7-ad0aacf44a45"><testcase classname="backend.tests.test_iteration32_auth.TestLoginAuthentication" name="test_login_stas_success" time="0.450" /><testcase classname="backend.tests.test_iteration32_auth.TestLoginAuthentication" name="test_login_sultan_success" time="0.344" /><testcase classname="backend.tests.test_iteration32_auth.TestLoginAuthentication" name="test_login_invalid_credentials" time="0.160" /><testcase classname="backend.tests.test_iteration32_auth.TestLoginAuthentication" name="test_login_wrong_password" time="0.351" /><testcase classname="backend.tests.test_iteration32_auth.TestUserSwitcherAccess" name="test_stas_can_list_users" time="0.486" /><testcase classname="backend.tests.test_iteration32_auth.TestUserSwitcherAccess" name="test_sultan_cannot_list_users" time="0.496" /><testcase classname="backend.tests.test_iteration32_auth.TestUserSwitcherAccess" name="test_stas_can_switch_user" time="0.605" /><testcase classname="backend.tests.test_iteration32_auth.TestUserSwitcherAccess" name="test_sultan_cannot_switch_user" time="1.040" /><testcase classname="backend.tests.test_iteration32_auth.TestSTASMirrorAccess" name="test_stas_me_endpoint" time="0.492" /><testcase classname="backend.tests.test_iteration32_auth.TestTokenValidation" name="test_invalid_token_rejected" time="0.128" /><testcase classname="backend.tests.test_iteration32_auth.TestTokenValidation" name="test_no_token_rejected" time="0.143" /><testcase classname="backend.tests.test_iteration32_auth.TestPasswordNotExposed" name="test_login_response_no_password" time="0.360" /><testcase classname="backend.tests.test_iteration32_auth.TestPasswordNotExposed" name="test_users_list_no_password" time="0.564" /></testsuite></testsuites>