<?xml version="1.0" encoding="utf-8"?><testsuites name="pytest tests"><testsuite name="pytest" errors="0" failures="0" skipped="2" tests="8" time="6.441" timestamp="2026-02-16T20:07:27.799212+00:00" hostname="agent-env-70f72895-76f3-4564-9d9c-08ce497c1fab"><testcase classname="backend.tests.test_iteration19_p0_features.TestP0FeaturesIteration19" name="test_work_locations_endpoint_returns_data" time="0.802" /><testcase classname="backend.tests.test_iteration19_p0_features.TestP0FeaturesIteration19" name="test_map_visibility_public_endpoint_works" time="0.687" /><testcase classname="backend.tests.test_iteration19_p0_features.TestP0FeaturesIteration19" name="test_map_visibility_accessible_by_employee" time="0.671" /><testcase classname="backend.tests.test_iteration19_p0_features.TestP0FeaturesIteration19" name="test_prevent_duplicate_execution_returns_400" time="0.785"><skipped type="pytest.skip" message="No executed transaction found to test duplicate execution prevention">/app/backend/tests/test_iteration19_p0_features.py:111: No executed transaction found to test duplicate execution prevention</skipped></testcase><testcase classname="backend.tests.test_iteration19_p0_features.TestP0FeaturesIteration19" name="test_pdf_generation_endpoint_works" time="0.860" /><testcase classname="backend.tests.test_iteration19_p0_features.TestP0FeaturesIteration19" name="test_stas_pending_endpoint" time="0.637" /><testcase classname="backend.tests.test_iteration19_p0_features.TestP0FeaturesIteration19" name="test_stas_mirror_endpoint" time="0.770" /><testcase classname="backend.tests.test_iteration19_p0_features.TestP0FeaturesIteration19" name="test_execution_flow_and_duplicate_prevention" time="1.104"><skipped type="pytest.skip" message="Transaction blocked by pre-checks">/app/backend/tests/test_iteration19_p0_features.py:225: Transaction blocked by pre-checks</skipped></testcase></testsuite></testsuites>