<?xml version="1.0" encoding="utf-8"?><testsuites name="pytest tests"><testsuite name="pytest" errors="0" failures="0" skipped="0" tests="8" time="3.760" timestamp="2026-02-17T19:11:37.072273+00:00" hostname="agent-env-f57509a8-a5a5-4016-a9cd-fc0889a43642"><testcase classname="backend.tests.test_iteration24_pdf_arabic.TestPDFGeneration" name="test_pdf_endpoint_returns_valid_pdf" time="0.718" /><testcase classname="backend.tests.test_iteration24_pdf_arabic.TestPDFGeneration" name="test_pdf_arabic_version_contains_text" time="0.536" /><testcase classname="backend.tests.test_iteration24_pdf_arabic.TestPDFGeneration" name="test_pdf_english_version" time="0.456" /><testcase classname="backend.tests.test_iteration24_pdf_arabic.TestPDFGeneration" name="test_pdf_date_formatting" time="0.437" /><testcase classname="backend.tests.test_iteration24_pdf_arabic.TestPDFGeneration" name="test_pdf_reference_number_format" time="0.444" /><testcase classname="backend.tests.test_iteration24_pdf_arabic.TestPDFGeneration" name="test_pdf_approval_chain" time="0.464" /><testcase classname="backend.tests.test_iteration24_pdf_arabic.TestTransactionDetailsDisplay" name="test_transaction_data_fields" time="0.360" /><testcase classname="backend.tests.test_iteration24_pdf_arabic.TestTransactionDetailsDisplay" name="test_employee_name_display" time="0.271" /></testsuite></testsuites>