<?xml version="1.0" encoding="utf-8"?><testsuites name="pytest tests"><testsuite name="pytest" errors="0" failures="0" skipped="0" tests="21" time="3.473" timestamp="2026-02-18T22:23:24.746140+00:00" hostname="agent-env-32812e92-2a49-46f3-ad94-88a9196961e1"><testcase classname="tests.test_iteration28_integration.TestAuthSetup" name="test_01_switch_to_sultan" time="0.253" /><testcase classname="tests.test_iteration28_integration.TestTeamAttendance" name="test_01_team_attendance_daily" time="0.173" /><testcase classname="tests.test_iteration28_integration.TestTeamAttendance" name="test_02_team_attendance_summary" time="0.058" /><testcase classname="tests.test_iteration28_integration.TestTeamAttendance" name="test_03_team_attendance_weekly" time="0.083" /><testcase classname="tests.test_iteration28_integration.TestTeamAttendance" name="test_04_team_attendance_monthly" time="0.077" /><testcase classname="tests.test_iteration28_integration.TestTeamAttendance" name="test_05_employee_attendance_detail" time="0.142" /><testcase classname="tests.test_iteration28_integration.TestPenalties" name="test_01_monthly_report" time="0.243" /><testcase classname="tests.test_iteration28_integration.TestPenalties" name="test_02_employee_monthly_penalties" time="0.157" /><testcase classname="tests.test_iteration28_integration.TestPenalties" name="test_03_yearly_absence" time="0.156" /><testcase classname="tests.test_iteration28_integration.TestContracts" name="test_01_list_contracts" time="0.241" /><testcase classname="tests.test_iteration28_integration.TestContracts" name="test_02_active_contracts" time="0.067" /><testcase classname="tests.test_iteration28_integration.TestContracts" name="test_03_contract_stats" time="0.123" /><testcase classname="tests.test_iteration28_integration.TestContracts" name="test_04_employee_contracts" time="0.169" /><testcase classname="tests.test_iteration28_integration.TestEmployees" name="test_01_list_employees" time="0.186" /><testcase classname="tests.test_iteration28_integration.TestEmployees" name="test_02_employee_detail" time="0.146" /><testcase classname="tests.test_iteration28_integration.TestSettlement" name="test_01_list_settlements" time="0.218" /><testcase classname="tests.test_iteration28_integration.TestSettlement" name="test_02_termination_types" time="0.066" /><testcase classname="tests.test_iteration28_integration.TestSettlement" name="test_03_settlement_preview" time="0.154" /><testcase classname="tests.test_iteration28_integration.TestDataIntegration" name="test_01_contract_to_attendance_link" time="0.326" /><testcase classname="tests.test_iteration28_integration.TestDataIntegration" name="test_02_attendance_to_penalties_link" time="0.163" /><testcase classname="tests.test_iteration28_integration.TestDataIntegration" name="test_03_deductions_reflected_in_settlement" time="0.159" /></testsuite></testsuites>