<?xml version="1.0" encoding="utf-8"?><testsuites name="pytest tests"><testsuite name="pytest" errors="0" failures="0" skipped="0" tests="18" time="3.569" timestamp="2026-02-19T00:45:53.949905+00:00" hostname="agent-env-a853993a-f020-47f1-b040-ddfc1752f71e"><testcase classname="backend.tests.test_iteration31_features.TestAuthAndSetup" name="test_stas_token_obtained" time="0.247" /><testcase classname="backend.tests.test_iteration31_features.TestSTASUpdateEmployeeStatus" name="test_stas_can_update_employee_status" time="0.237" /><testcase classname="backend.tests.test_iteration31_features.TestSTASUpdateEmployeeStatus" name="test_stas_can_get_team_daily" time="0.129" /><testcase classname="backend.tests.test_iteration31_features.TestSTASUpdateEmployeeStatus" name="test_stas_can_get_team_summary" time="0.122" /><testcase classname="backend.tests.test_iteration31_features.TestPlainPasswordForSTAS" name="test_stas_gets_plain_password" time="0.277" /><testcase classname="backend.tests.test_iteration31_features.TestPlainPasswordForSTAS" name="test_users_list_endpoint" time="0.169" /><testcase classname="backend.tests.test_iteration31_features.TestRamadanPerLocation" name="test_get_work_locations" time="0.109" /><testcase classname="backend.tests.test_iteration31_features.TestRamadanPerLocation" name="test_activate_ramadan_for_location" time="0.563" /><testcase classname="backend.tests.test_iteration31_features.TestRamadanPerLocation" name="test_verify_ramadan_active_on_location" time="0.159" /><testcase classname="backend.tests.test_iteration31_features.TestRamadanPerLocation" name="test_deactivate_ramadan_for_location" time="0.297" /><testcase classname="backend.tests.test_iteration31_features.TestRamadanPerLocation" name="test_non_stas_cannot_activate_ramadan" time="0.151" /><testcase classname="backend.tests.test_iteration31_features.TestAccountBlockUnblock" name="test_block_account" time="0.117" /><testcase classname="backend.tests.test_iteration31_features.TestAccountBlockUnblock" name="test_verify_account_blocked" time="0.157" /><testcase classname="backend.tests.test_iteration31_features.TestAccountBlockUnblock" name="test_security_log_has_block_entry" time="0.141" /><testcase classname="backend.tests.test_iteration31_features.TestAccountBlockUnblock" name="test_unblock_account" time="0.110" /><testcase classname="backend.tests.test_iteration31_features.TestAccountBlockUnblock" name="test_verify_account_unblocked" time="0.120" /><testcase classname="backend.tests.test_iteration31_features.TestAccountBlockUnblock" name="test_cannot_block_admin_accounts" time="0.201" /><testcase classname="backend.tests.test_iteration31_features.TestUpdateEmployeeStatusFlow" name="test_update_status_with_different_statuses" time="0.116" /></testsuite></testsuites>