<?xml version="1.0" encoding="utf-8"?><testsuites name="pytest tests"><testsuite name="pytest" errors="0" failures="2" skipped="0" tests="10" time="1.595" timestamp="2026-02-17T10:54:34.286250+00:00" hostname="agent-env-70f72895-76f3-4564-9d9c-08ce497c1fab"><testcase classname="tests.test_iteration22_features.TestHealthEndpoint" name="test_health_returns_version" time="0.198" /><testcase classname="tests.test_iteration22_features.TestAnnouncementsAPI" name="test_get_announcements_structure" time="0.237"><failure message="assert 403 == 200&#10; +  where 403 = &lt;Response [403]&gt;.status_code">tests/test_iteration22_features.py:71: in test_get_announcements_structure
    assert response.status_code == 200
E   assert 403 == 200
E    +  where 403 = &lt;Response [403]&gt;.status_code</failure></testcase><testcase classname="tests.test_iteration22_features.TestAnnouncementsAPI" name="test_create_regular_announcement" time="0.310" /><testcase classname="tests.test_iteration22_features.TestAnnouncementsAPI" name="test_create_pinned_announcement" time="0.158" /><testcase classname="tests.test_iteration22_features.TestAnnouncementsAPI" name="test_dismiss_regular_announcement" time="0.221" /><testcase classname="tests.test_iteration22_features.TestAnnouncementsAPI" name="test_cannot_dismiss_pinned_announcement" time="0.148" /><testcase classname="tests.test_iteration22_features.TestAnnouncementsAPI" name="test_get_all_announcements_admin" time="0.050" /><testcase classname="tests.test_iteration22_features.TestProtectedCollections" name="test_collections_info_has_work_locations_protected" time="0.050" /><testcase classname="tests.test_iteration22_features.TestProtectedCollections" name="test_storage_info_shows_work_locations" time="0.062" /><testcase classname="tests.test_iteration22_features.TestWorkLocationsAPI" name="test_get_work_locations" time="0.070"><failure message="assert 403 == 200&#10; +  where 403 = &lt;Response [403]&gt;.status_code">tests/test_iteration22_features.py:220: in test_get_work_locations
    assert response.status_code == 200
E   assert 403 == 200
E    +  where 403 = &lt;Response [403]&gt;.status_code</failure></testcase></testsuite></testsuites>