<?xml version="1.0" encoding="utf-8"?><testsuites name="pytest tests"><testsuite name="pytest" errors="0" failures="0" skipped="4" tests="19" time="5.270" timestamp="2026-02-15T17:36:06.784704+00:00" hostname="agent-env-1ade6c12-1a99-4463-9325-ee32595af333"><testcase classname="tests.test_iteration16_services.TestServiceCalculator" name="test_employee_summary_returns_service_info" time="0.306" /><testcase classname="tests.test_iteration16_services.TestServiceCalculator" name="test_service_calculation_format" time="0.253" /><testcase classname="tests.test_iteration16_services.TestLeaveService" name="test_leave_balance_endpoint_exists" time="0.262" /><testcase classname="tests.test_iteration16_services.TestLeaveService" name="test_employee_summary_contains_leave" time="0.270" /><testcase classname="tests.test_iteration16_services.TestAttendanceService" name="test_ramadan_settings_endpoint" time="0.401" /><testcase classname="tests.test_iteration16_services.TestAttendanceService" name="test_ramadan_activate_endpoint_stas_only" time="0.361" /><testcase classname="tests.test_iteration16_services.TestAttendanceService" name="test_ramadan_deactivate_endpoint" time="0.257" /><testcase classname="tests.test_iteration16_services.TestAttendanceService" name="test_calculate_daily_attendance_endpoint" time="0.187" /><testcase classname="tests.test_iteration16_services.TestAttendanceService" name="test_calculate_for_specific_date" time="0.191" /><testcase classname="tests.test_iteration16_services.TestSTASMirrorService" name="test_mirror_endpoint_exists" time="0.222"><skipped type="pytest.skip" message="No pending transactions">/app/backend/tests/test_iteration16_services.py:282: No pending transactions</skipped></testcase><testcase classname="tests.test_iteration16_services.TestSTASMirrorService" name="test_mirror_pre_checks_have_status" time="0.204"><skipped type="pytest.skip" message="No pending transactions">/app/backend/tests/test_iteration16_services.py:301: No pending transactions</skipped></testcase><testcase classname="tests.test_iteration16_services.TestTransactionReturn" name="test_return_transaction_once_only" time="0.189"><skipped type="pytest.skip" message="No pending transactions">/app/backend/tests/test_iteration16_services.py:325: No pending transactions</skipped></testcase><testcase classname="tests.test_iteration16_services.TestSupervisorAssignment" name="test_assign_supervisor_endpoint" time="0.254" /><testcase classname="tests.test_iteration16_services.TestSupervisorAssignment" name="test_cannot_assign_self_as_supervisor" time="0.236" /><testcase classname="tests.test_iteration16_services.TestSupervisorAssignment" name="test_remove_supervisor" time="0.249" /><testcase classname="tests.test_iteration16_services.TestSettlementService" name="test_settlement_mirror_data_for_terminated_contract" time="0.233"><skipped type="pytest.skip" message="No settlement transactions pending">/app/backend/tests/test_iteration16_services.py:440: No settlement transactions pending</skipped></testcase><testcase classname="tests.test_iteration16_services.TestEmployeeSummaryEndpoint" name="test_summary_contains_all_sections" time="0.852" /><testcase classname="tests.test_iteration16_services.TestHealthAndBasicAPIs" name="test_health_endpoint" time="0.120" /><testcase classname="tests.test_iteration16_services.TestHealthAndBasicAPIs" name="test_auth_switch_works" time="0.128" /></testsuite></testsuites>