<?xml version="1.0" encoding="utf-8"?><testsuites name="pytest tests"><testsuite name="pytest" errors="0" failures="0" skipped="0" tests="12" time="2.989" timestamp="2026-02-17T10:26:12.934318+00:00" hostname="agent-env-70f72895-76f3-4564-9d9c-08ce497c1fab"><testcase classname="backend.tests.test_iteration21_contracts_v2.TestContractsV2NewEmployee" name="test_create_contract_with_new_employee" time="0.573" /><testcase classname="backend.tests.test_iteration21_contracts_v2.TestContractsV2NewEmployee" name="test_create_contract_existing_employee" time="0.129" /><testcase classname="backend.tests.test_iteration21_contracts_v2.TestAnnualLeaveDays" name="test_annual_leave_21_days" time="0.369" /><testcase classname="backend.tests.test_iteration21_contracts_v2.TestAnnualLeaveDays" name="test_annual_leave_30_days" time="0.267" /><testcase classname="backend.tests.test_iteration21_contracts_v2.TestMonthlyPermissionHours" name="test_permission_hours_0" time="0.278" /><testcase classname="backend.tests.test_iteration21_contracts_v2.TestMonthlyPermissionHours" name="test_permission_hours_3_max" time="0.321" /><testcase classname="backend.tests.test_iteration21_contracts_v2.TestMonthlyPermissionHours" name="test_permission_hours_capped_at_3" time="0.281" /><testcase classname="backend.tests.test_iteration21_contracts_v2.TestMigratedContract" name="test_migrated_contract_with_fractional_balances" time="0.214" /><testcase classname="backend.tests.test_iteration21_contracts_v2.TestMedicalUpload" name="test_upload_pdf_success" time="0.111" /><testcase classname="backend.tests.test_iteration21_contracts_v2.TestMedicalUpload" name="test_upload_non_pdf_fails" time="0.109" /><testcase classname="backend.tests.test_iteration21_contracts_v2.TestNavigation" name="test_contracts_v2_endpoint_exists" time="0.112" /><testcase classname="backend.tests.test_iteration21_contracts_v2.TestNavigation" name="test_old_contracts_endpoint_should_not_exist" time="0.106" /></testsuite></testsuites>