<?xml version="1.0" encoding="utf-8"?><testsuites name="pytest tests"><testsuite name="pytest" errors="0" failures="1" skipped="0" tests="15" time="4.200" timestamp="2026-02-13T21:04:07.375657+00:00" hostname="agent-env-44c1e2b2-c749-406b-b219-e5110f09c2cf"><testcase classname="backend.tests.test_p0_features.TestHealthCheck" name="test_api_health" time="0.318" /><testcase classname="backend.tests.test_p0_features.TestFinance60Code" name="test_finance_code_lookup_existing" time="0.254" /><testcase classname="backend.tests.test_p0_features.TestFinance60Code" name="test_finance_code_lookup_new" time="0.122" /><testcase classname="backend.tests.test_p0_features.TestFinance60Code" name="test_sultan_creates_finance_60" time="0.290"><failure message="AssertionError: Expected 200, got 400: {&quot;detail&quot;:&quot;Code not found. Provide code_name to define it.&quot;}&#10;assert 400 == 200&#10; +  where 400 = &lt;Response [400]&gt;.status_code">backend/tests/test_p0_features.py:137: in test_sultan_creates_finance_60
    assert response.status_code == 200, f"Expected 200, got {response.status_code}: {response.text}"
E   AssertionError: Expected 200, got 400: {"detail":"Code not found. Provide code_name to define it."}
E   assert 400 == 200
E    +  where 400 = &lt;Response [400]&gt;.status_code</failure></testcase><testcase classname="backend.tests.test_p0_features.TestFinance60Code" name="test_naif_denied_creating_finance_60" time="0.134" /><testcase classname="backend.tests.test_p0_features.TestFinance60Code" name="test_sultan_creates_finance_60_with_new_code" time="0.132" /><testcase classname="backend.tests.test_p0_features.TestTangibleCustody" name="test_sultan_creates_tangible_custody" time="0.129" /><testcase classname="backend.tests.test_p0_features.TestTangibleCustody" name="test_naif_creates_tangible_custody" time="0.153" /><testcase classname="backend.tests.test_p0_features.TestTangibleCustody" name="test_employee_denied_creating_tangible_custody" time="0.155" /><testcase classname="backend.tests.test_p0_features.TestTangibleCustody" name="test_tangible_custody_employee_accepts" time="0.379" /><testcase classname="backend.tests.test_p0_features.TestTangibleCustody" name="test_tangible_custody_employee_rejects" time="0.285" /><testcase classname="backend.tests.test_p0_features.TestEscalationFlow" name="test_create_leave_and_escalate_ceo_approves" time="0.660" /><testcase classname="backend.tests.test_p0_features.TestEscalationFlow" name="test_create_leave_and_escalate_ceo_rejects" time="0.659" /><testcase classname="backend.tests.test_p0_features.TestMohammedVisibility" name="test_mohammed_sees_escalated_and_finance_transactions" time="0.171" /><testcase classname="backend.tests.test_p0_features.TestCleanupTestData" name="test_cleanup_test_transactions" time="0.200" /></testsuite></testsuites>