<?xml version="1.0" encoding="utf-8"?><testsuites name="pytest tests"><testsuite name="pytest" errors="0" failures="1" skipped="0" tests="17" time="3.104" timestamp="2026-02-13T16:57:50.943801+00:00" hostname="agent-env-082befb7-1850-4336-bae4-7723a82eca7a"><testcase classname="backend.tests.test_stabilization_issues.TestApprovalRoutingFix" name="test_sultan_creates_leave_skips_supervisor" time="0.844" /><testcase classname="backend.tests.test_stabilization_issues.TestApprovalRoutingFix" name="test_supervisor1_creates_leave_skips_supervisor" time="0.119" /><testcase classname="backend.tests.test_stabilization_issues.TestApprovalRoutingFix" name="test_employee1_creates_leave_has_supervisor" time="0.109" /><testcase classname="backend.tests.test_stabilization_issues.TestAttendanceWorkLocation" name="test_checkin_with_work_location_hq" time="0.178"><failure message="AssertionError: work_location missing from check_in&#10;assert 'work_location' in {'created_at': '2026-02-13T13:16:16.177237+00:00', 'date': '2026-02-13', 'distance_km': None, 'employee_id': 'EMP-003', ...}">backend/tests/test_stabilization_issues.py:208: in test_checkin_with_work_location_hq
    assert 'work_location' in today['check_in'], "work_location missing from check_in"
E   AssertionError: work_location missing from check_in
E   assert 'work_location' in {'created_at': '2026-02-13T13:16:16.177237+00:00', 'date': '2026-02-13', 'distance_km': None, 'employee_id': 'EMP-003', ...}</failure></testcase><testcase classname="backend.tests.test_stabilization_issues.TestAttendanceWorkLocation" name="test_attendance_api_accepts_project_location" time="0.133" /><testcase classname="backend.tests.test_stabilization_issues.TestManualHolidayCalendar" name="test_stas_can_add_holiday" time="0.111" /><testcase classname="backend.tests.test_stabilization_issues.TestManualHolidayCalendar" name="test_stas_can_list_holidays" time="0.111" /><testcase classname="backend.tests.test_stabilization_issues.TestManualHolidayCalendar" name="test_stas_can_delete_holiday" time="0.316" /><testcase classname="backend.tests.test_stabilization_issues.TestManualHolidayCalendar" name="test_non_stas_cannot_add_holiday" time="0.119" /><testcase classname="backend.tests.test_stabilization_issues.TestSTASMaintenanceTools" name="test_stas_can_view_archived_users" time="0.116" /><testcase classname="backend.tests.test_stabilization_issues.TestSTASMaintenanceTools" name="test_purge_transactions_requires_confirm" time="0.113" /><testcase classname="backend.tests.test_stabilization_issues.TestSTASMaintenanceTools" name="test_non_stas_cannot_purge" time="0.124" /><testcase classname="backend.tests.test_stabilization_issues.TestPDFArabicRendering" name="test_pdf_endpoint_exists" time="0.260" /><testcase classname="backend.tests.test_stabilization_issues.TestTranslationsAPI" name="test_api_returns_bilingual_data" time="0.059" /><testcase classname="backend.tests.test_stabilization_issues.TestTranslationsAPI" name="test_leave_api_returns_holiday_names" time="0.107" /><testcase classname="backend.tests.test_stabilization_issues.TestHealthCheck" name="test_health_endpoint" time="0.054" /><testcase classname="backend.tests.test_stabilization_issues.TestHealthCheck" name="test_users_endpoint" time="0.072" /></testsuite></testsuites>