<?xml version="1.0" encoding="utf-8"?><testsuites name="pytest tests"><testsuite name="pytest" errors="0" failures="0" skipped="0" tests="17" time="3.066" timestamp="2026-02-17T20:09:37.601577+00:00" hostname="agent-env-f97be5fb-ac3b-4d2d-ae3c-8cc1c7bea895"><testcase classname="tests.test_settlement_system.TestSettlementPreview" name="test_preview_returns_correct_structure" time="0.437" /><testcase classname="tests.test_settlement_system.TestSettlementPreview" name="test_preview_eos_calculation_resignation_under_2_years" time="0.159" /><testcase classname="tests.test_settlement_system.TestSettlementPreview" name="test_preview_last_wage_calculation" time="0.124" /><testcase classname="tests.test_settlement_system.TestSettlementPreview" name="test_preview_leave_compensation_formula" time="0.129" /><testcase classname="tests.test_settlement_system.TestSettlementPreview" name="test_preview_contract_expiry_full_eos" time="0.121" /><testcase classname="tests.test_settlement_system.TestSettlementPreview" name="test_preview_probation_termination_no_eos" time="0.158" /><testcase classname="tests.test_settlement_system.TestSettlementCRUD" name="test_list_settlements" time="0.112" /><testcase classname="tests.test_settlement_system.TestSettlementCRUD" name="test_get_termination_types" time="0.146" /><testcase classname="tests.test_settlement_system.TestContractBankFields" name="test_contract_has_bank_fields" time="0.124" /><testcase classname="tests.test_settlement_system.TestContractBankFields" name="test_update_contract_bank_info" time="0.338" /><testcase classname="tests.test_settlement_system.TestDeductionsAPI" name="test_list_deductions" time="0.158" /><testcase classname="tests.test_settlement_system.TestDeductionsAPI" name="test_get_employee_unsettled" time="0.137" /><testcase classname="tests.test_settlement_system.TestEOSCalculationLogic" name="test_eos_under_5_years_formula" time="0.121" /><testcase classname="tests.test_settlement_system.TestSettlementPermissions" name="test_sultan_can_preview" time="0.144" /><testcase classname="tests.test_settlement_system.TestSettlementPermissions" name="test_stas_can_preview" time="0.219" /><testcase classname="tests.test_settlement_system.TestSettlementNetCalculation" name="test_net_amount_formula" time="0.153" /><testcase classname="tests.test_settlement_system.TestSettlementNetCalculation" name="test_entitlements_total_formula" time="0.117" /></testsuite></testsuites>