<?xml version="1.0" encoding="utf-8"?><testsuites name="pytest tests"><testsuite name="pytest" errors="0" failures="3" skipped="0" tests="9" time="1.464" timestamp="2026-02-13T18:48:55.967840+00:00" hostname="agent-env-c7b84a4f-c41e-43c8-b66d-8a17674f48cf"><testcase classname="backend.tests.test_supervisor_workflow.TestSupervisorWorkflowFix" name="test_supervisor1_leave_goes_to_pending_ops" time="0.426"><failure message="AssertionError: Failed to create leave: {&quot;detail&quot;:&quot;Leave dates overlap with existing request TXN-2026-0004&quot;}&#10;assert 400 == 200&#10; +  where 400 = &lt;Response [400]&gt;.status_code">backend/tests/test_supervisor_workflow.py:91: in test_supervisor1_leave_goes_to_pending_ops
    assert response.status_code == 200, f"Failed to create leave: {response.text}"
E   AssertionError: Failed to create leave: {"detail":"Leave dates overlap with existing request TXN-2026-0004"}
E   assert 400 == 200
E    +  where 400 = &lt;Response [400]&gt;.status_code</failure></testcase><testcase classname="backend.tests.test_supervisor_workflow.TestSupervisorWorkflowFix" name="test_employee1_leave_goes_to_pending_supervisor" time="0.154"><failure message="AssertionError: Failed to create leave: {&quot;detail&quot;:&quot;Leave dates overlap with existing request TXN-2026-0005&quot;}&#10;assert 400 == 200&#10; +  where 400 = &lt;Response [400]&gt;.status_code">backend/tests/test_supervisor_workflow.py:148: in test_employee1_leave_goes_to_pending_supervisor
    assert response.status_code == 200, f"Failed to create leave: {response.text}"
E   AssertionError: Failed to create leave: {"detail":"Leave dates overlap with existing request TXN-2026-0005"}
E   assert 400 == 200
E    +  where 400 = &lt;Response [400]&gt;.status_code</failure></testcase><testcase classname="backend.tests.test_supervisor_workflow.TestSupervisorWorkflowFix" name="test_sultan_leave_goes_to_pending_ops" time="0.161"><failure message="AssertionError: Failed to create leave: {&quot;detail&quot;:&quot;Leave dates overlap with existing request TXN-2026-0006&quot;}&#10;assert 400 == 200&#10; +  where 400 = &lt;Response [400]&gt;.status_code">backend/tests/test_supervisor_workflow.py:197: in test_sultan_leave_goes_to_pending_ops
    assert response.status_code == 200, f"Failed to create leave: {response.text}"
E   AssertionError: Failed to create leave: {"detail":"Leave dates overlap with existing request TXN-2026-0006"}
E   assert 400 == 200
E    +  where 400 = &lt;Response [400]&gt;.status_code</failure></testcase><testcase classname="backend.tests.test_supervisor_workflow.TestArabicLocalization" name="test_users_have_arabic_names" time="0.080" /><testcase classname="backend.tests.test_supervisor_workflow.TestArabicLocalization" name="test_employees_have_arabic_names" time="0.153" /><testcase classname="backend.tests.test_supervisor_workflow.TestArabicLocalization" name="test_transactions_have_employee_arabic_names" time="0.144" /><testcase classname="backend.tests.test_supervisor_workflow.TestStatusValues" name="test_transaction_status_values" time="0.126" /><testcase classname="backend.tests.test_supervisor_workflow.TestRoleValues" name="test_user_role_values" time="0.067" /><testcase classname="backend.tests.test_supervisor_workflow.TestHealthCheck" name="test_api_health" time="0.074" /></testsuite></testsuites>