<?xml version="1.0" encoding="utf-8"?><testsuites name="pytest tests"><testsuite name="pytest" errors="0" failures="0" skipped="0" tests="9" time="1.555" timestamp="2026-02-13T18:49:24.216986+00:00" hostname="agent-env-c7b84a4f-c41e-43c8-b66d-8a17674f48cf"><testcase classname="backend.tests.test_supervisor_workflow.TestSupervisorWorkflowFix" name="test_supervisor1_leave_goes_to_pending_ops" time="0.448" /><testcase classname="backend.tests.test_supervisor_workflow.TestSupervisorWorkflowFix" name="test_employee1_leave_goes_to_pending_supervisor" time="0.156" /><testcase classname="backend.tests.test_supervisor_workflow.TestSupervisorWorkflowFix" name="test_sultan_leave_goes_to_pending_ops" time="0.135" /><testcase classname="backend.tests.test_supervisor_workflow.TestArabicLocalization" name="test_users_have_arabic_names" time="0.065" /><testcase classname="backend.tests.test_supervisor_workflow.TestArabicLocalization" name="test_employees_have_arabic_names" time="0.150" /><testcase classname="backend.tests.test_supervisor_workflow.TestArabicLocalization" name="test_transactions_have_employee_arabic_names" time="0.172" /><testcase classname="backend.tests.test_supervisor_workflow.TestStatusValues" name="test_transaction_status_values" time="0.200" /><testcase classname="backend.tests.test_supervisor_workflow.TestRoleValues" name="test_user_role_values" time="0.095" /><testcase classname="backend.tests.test_supervisor_workflow.TestHealthCheck" name="test_api_health" time="0.064" /></testsuite></testsuites>